2025-02-10 21:11:01,847 - INFO - atmospheric_dynamics_v16 - [OK] Database connection successful
2025-02-10 21:11:01,893 - INFO - atmospheric_dynamics_v16 - [OK] Tables already exist
2025-02-10 21:11:01,893 - INFO - atmospheric_dynamics_v16 - [OK] Atmospheric Dynamics v16 initialized by CossackNikolay
2025-02-10 21:11:01,894 - INFO - atmospheric_dynamics_v16 - [OK] Start time (UTC): 2025-02-10 15:41:01
2025-02-10 21:11:01,895 - INFO - atmospheric_dynamics_v16 - [OK] Starting weather monitoring system...
2025-02-10 21:11:01,896 - INFO - atmospheric_dynamics_v16 - [UPDATE] Updating metrics at 2025-02-10 15:41:01.896765+00:00
2025-02-10 21:11:01,925 - INFO - atmospheric_dynamics_v16 - [OK] Metrics saved for location: United States
2025-02-10 21:11:02,005 - INFO - atmospheric_dynamics_v16 - [OK] Metrics saved for location: Canada
2025-02-10 21:11:02,011 - INFO - atmospheric_dynamics_v16 - [OK] Metrics saved for location: United Kingdom
2025-02-10 21:12:02,015 - INFO - atmospheric_dynamics_v16 - [UPDATE] Updating metrics at 2025-02-10 15:42:02.014831+00:00
2025-02-10 21:12:02,131 - INFO - atmospheric_dynamics_v16 - [OK] Metrics saved for location: United States
2025-02-10 21:12:02,136 - INFO - atmospheric_dynamics_v16 - [OK] Metrics saved for location: Canada
2025-02-10 21:12:02,179 - INFO - atmospheric_dynamics_v16 - [OK] Metrics saved for location: United Kingdom
2025-02-10 21:13:02,207 - INFO - atmospheric_dynamics_v16 - [UPDATE] Updating metrics at 2025-02-10 15:43:02.207195+00:00
2025-02-10 21:13:02,240 - INFO - atmospheric_dynamics_v16 - [OK] Metrics saved for location: United States
2025-02-10 21:13:02,243 - INFO - atmospheric_dynamics_v16 - [OK] Metrics saved for location: Canada
2025-02-10 21:13:02,245 - INFO - atmospheric_dynamics_v16 - [OK] Metrics saved for location: United Kingdom
2025-02-10 21:14:02,247 - INFO - atmospheric_dynamics_v16 - [UPDATE] Updating metrics at 2025-02-10 15:44:02.246807+00:00
2025-02-10 21:14:02,252 - INFO - atmospheric_dynamics_v16 - [OK] Metrics saved for location: United States
2025-02-10 21:14:02,257 - INFO - atmospheric_dynamics_v16 - [OK] Metrics saved for location: Canada
2025-02-10 21:14:02,267 - INFO - atmospheric_dynamics_v16 - [OK] Metrics saved for location: United Kingdom
2025-02-10 21:15:02,268 - INFO - atmospheric_dynamics_v16 - [UPDATE] Updating metrics at 2025-02-10 15:45:02.268248+00:00
2025-02-10 21:15:02,504 - INFO - atmospheric_dynamics_v16 - [OK] Metrics saved for location: United States
2025-02-10 21:15:02,513 - INFO - atmospheric_dynamics_v16 - [OK] Metrics saved for location: Canada
2025-02-10 21:15:02,531 - INFO - atmospheric_dynamics_v16 - [OK] Metrics saved for location: United Kingdom
2025-02-10 21:16:02,584 - INFO - atmospheric_dynamics_v16 - [UPDATE] Updating metrics at 2025-02-10 15:46:02.584144+00:00
2025-02-10 21:16:02,641 - INFO - atmospheric_dynamics_v16 - [OK] Metrics saved for location: United States
2025-02-10 21:16:02,645 - INFO - atmospheric_dynamics_v16 - [OK] Metrics saved for location: Canada
2025-02-10 21:16:02,650 - INFO - atmospheric_dynamics_v16 - [OK] Metrics saved for location: United Kingdom
2025-02-10 21:17:02,651 - INFO - atmospheric_dynamics_v16 - [UPDATE] Updating metrics at 2025-02-10 15:47:02.650966+00:00
2025-02-10 21:17:02,679 - INFO - atmospheric_dynamics_v16 - [OK] Metrics saved for location: United States
2025-02-10 21:17:02,684 - INFO - atmospheric_dynamics_v16 - [OK] Metrics saved for location: Canada
2025-02-10 21:17:02,688 - INFO - atmospheric_dynamics_v16 - [OK] Metrics saved for location: United Kingdom
2025-02-10 21:18:02,689 - INFO - atmospheric_dynamics_v16 - [UPDATE] Updating metrics at 2025-02-10 15:48:02.689580+00:00
2025-02-10 21:18:02,697 - INFO - atmospheric_dynamics_v16 - [OK] Metrics saved for location: United States
2025-02-10 21:18:02,700 - INFO - atmospheric_dynamics_v16 - [OK] Metrics saved for location: Canada
2025-02-10 21:18:02,703 - INFO - atmospheric_dynamics_v16 - [OK] Metrics saved for location: United Kingdom
2025-02-10 21:19:02,705 - INFO - atmospheric_dynamics_v16 - [UPDATE] Updating metrics at 2025-02-10 15:49:02.704710+00:00
2025-02-10 21:19:02,746 - INFO - atmospheric_dynamics_v16 - [OK] Metrics saved for location: United States
2025-02-10 21:19:02,757 - INFO - atmospheric_dynamics_v16 - [OK] Metrics saved for location: Canada
2025-02-10 21:19:02,761 - INFO - atmospheric_dynamics_v16 - [OK] Metrics saved for location: United Kingdom
2025-02-10 21:20:02,763 - INFO - atmospheric_dynamics_v16 - [UPDATE] Updating metrics at 2025-02-10 15:50:02.763033+00:00
2025-02-10 21:20:02,869 - INFO - atmospheric_dynamics_v16 - [OK] Metrics saved for location: United States
2025-02-10 21:20:02,879 - INFO - atmospheric_dynamics_v16 - [OK] Metrics saved for location: Canada
2025-02-10 21:20:02,882 - INFO - atmospheric_dynamics_v16 - [OK] Metrics saved for location: United Kingdom
2025-02-10 21:21:02,882 - INFO - atmospheric_dynamics_v16 - [UPDATE] Updating metrics at 2025-02-10 15:51:02.882739+00:00
2025-02-10 21:21:02,925 - INFO - atmospheric_dynamics_v16 - [OK] Metrics saved for location: United States
2025-02-10 21:21:02,931 - INFO - atmospheric_dynamics_v16 - [OK] Metrics saved for location: Canada
2025-02-10 21:21:02,935 - INFO - atmospheric_dynamics_v16 - [OK] Metrics saved for location: United Kingdom
2025-02-10 21:22:02,937 - INFO - atmospheric_dynamics_v16 - [UPDATE] Updating metrics at 2025-02-10 15:52:02.937340+00:00
2025-02-10 21:22:02,980 - INFO - atmospheric_dynamics_v16 - [OK] Metrics saved for location: United States
2025-02-10 21:22:02,983 - INFO - atmospheric_dynamics_v16 - [OK] Metrics saved for location: Canada
2025-02-10 21:22:02,986 - INFO - atmospheric_dynamics_v16 - [OK] Metrics saved for location: United Kingdom
2025-02-10 21:23:02,987 - INFO - atmospheric_dynamics_v16 - [UPDATE] Updating metrics at 2025-02-10 15:53:02.987501+00:00
2025-02-10 21:23:02,993 - INFO - atmospheric_dynamics_v16 - [OK] Metrics saved for location: United States
2025-02-10 21:23:02,997 - INFO - atmospheric_dynamics_v16 - [OK] Metrics saved for location: Canada
2025-02-10 21:23:03,001 - INFO - atmospheric_dynamics_v16 - [OK] Metrics saved for location: United Kingdom
2025-02-10 21:24:03,002 - INFO - atmospheric_dynamics_v16 - [UPDATE] Updating metrics at 2025-02-10 15:54:03.002630+00:00
2025-02-10 21:24:03,048 - INFO - atmospheric_dynamics_v16 - [OK] Metrics saved for location: United States
2025-02-10 21:24:03,052 - INFO - atmospheric_dynamics_v16 - [OK] Metrics saved for location: Canada
2025-02-10 21:24:03,055 - INFO - atmospheric_dynamics_v16 - [OK] Metrics saved for location: United Kingdom
2025-02-10 21:25:03,056 - INFO - atmospheric_dynamics_v16 - [UPDATE] Updating metrics at 2025-02-10 15:55:03.056524+00:00
2025-02-10 21:25:03,097 - INFO - atmospheric_dynamics_v16 - [OK] Metrics saved for location: United States
2025-02-10 21:25:03,103 - INFO - atmospheric_dynamics_v16 - [OK] Metrics saved for location: Canada
2025-02-10 21:25:03,110 - INFO - atmospheric_dynamics_v16 - [OK] Metrics saved for location: United Kingdom
2025-02-10 21:26:03,112 - INFO - atmospheric_dynamics_v16 - [UPDATE] Updating metrics at 2025-02-10 15:56:03.112439+00:00
2025-02-10 21:26:03,159 - INFO - atmospheric_dynamics_v16 - [OK] Metrics saved for location: United States
2025-02-10 21:26:03,166 - INFO - atmospheric_dynamics_v16 - [OK] Metrics saved for location: Canada
2025-02-10 21:26:03,169 - INFO - atmospheric_dynamics_v16 - [OK] Metrics saved for location: United Kingdom
2025-02-10 21:27:03,170 - INFO - atmospheric_dynamics_v16 - [UPDATE] Updating metrics at 2025-02-10 15:57:03.170357+00:00
2025-02-10 21:27:03,174 - INFO - atmospheric_dynamics_v16 - [OK] Metrics saved for location: United States
2025-02-10 21:27:03,177 - INFO - atmospheric_dynamics_v16 - [OK] Metrics saved for location: Canada
2025-02-10 21:27:03,180 - INFO - atmospheric_dynamics_v16 - [OK] Metrics saved for location: United Kingdom
2025-02-10 21:28:03,181 - INFO - atmospheric_dynamics_v16 - [UPDATE] Updating metrics at 2025-02-10 15:58:03.181053+00:00
2025-02-10 21:28:03,206 - INFO - atmospheric_dynamics_v16 - [OK] Metrics saved for location: United States
2025-02-10 21:28:03,210 - INFO - atmospheric_dynamics_v16 - [OK] Metrics saved for location: Canada
2025-02-10 21:28:03,215 - INFO - atmospheric_dynamics_v16 - [OK] Metrics saved for location: United Kingdom
2025-02-10 21:29:03,216 - INFO - atmospheric_dynamics_v16 - [UPDATE] Updating metrics at 2025-02-10 15:59:03.216763+00:00
2025-02-10 21:29:03,221 - INFO - atmospheric_dynamics_v16 - [OK] Metrics saved for location: United States
2025-02-10 21:29:03,223 - INFO - atmospheric_dynamics_v16 - [OK] Metrics saved for location: Canada
2025-02-10 21:29:03,228 - INFO - atmospheric_dynamics_v16 - [OK] Metrics saved for location: United Kingdom
2025-02-10 21:30:03,230 - INFO - atmospheric_dynamics_v16 - [UPDATE] Updating metrics at 2025-02-10 16:00:03.230741+00:00
2025-02-10 21:30:03,534 - INFO - atmospheric_dynamics_v16 - [OK] Metrics saved for location: United States
2025-02-10 21:30:03,614 - INFO - atmospheric_dynamics_v16 - [OK] Metrics saved for location: Canada
2025-02-10 21:30:03,625 - INFO - atmospheric_dynamics_v16 - [OK] Metrics saved for location: United Kingdom
2025-02-10 21:31:03,627 - INFO - atmospheric_dynamics_v16 - [UPDATE] Updating metrics at 2025-02-10 16:01:03.627331+00:00
2025-02-10 21:31:03,631 - INFO - atmospheric_dynamics_v16 - [OK] Metrics saved for location: United States
2025-02-10 21:31:03,636 - INFO - atmospheric_dynamics_v16 - [OK] Metrics saved for location: Canada
2025-02-10 21:31:03,639 - INFO - atmospheric_dynamics_v16 - [OK] Metrics saved for location: United Kingdom
2025-02-10 21:32:03,641 - INFO - atmospheric_dynamics_v16 - [UPDATE] Updating metrics at 2025-02-10 16:02:03.641211+00:00
2025-02-10 21:32:03,649 - INFO - atmospheric_dynamics_v16 - [OK] Metrics saved for location: United States
2025-02-10 21:32:03,655 - INFO - atmospheric_dynamics_v16 - [OK] Metrics saved for location: Canada
2025-02-10 21:32:03,665 - INFO - atmospheric_dynamics_v16 - [OK] Metrics saved for location: United Kingdom
2025-02-10 21:33:03,666 - INFO - atmospheric_dynamics_v16 - [UPDATE] Updating metrics at 2025-02-10 16:03:03.666340+00:00
2025-02-10 21:33:03,673 - INFO - atmospheric_dynamics_v16 - [OK] Metrics saved for location: United States
2025-02-10 21:33:03,680 - INFO - atmospheric_dynamics_v16 - [OK] Metrics saved for location: Canada
2025-02-10 21:33:03,686 - INFO - atmospheric_dynamics_v16 - [OK] Metrics saved for location: United Kingdom
2025-02-10 21:34:03,691 - INFO - atmospheric_dynamics_v16 - [UPDATE] Updating metrics at 2025-02-10 16:04:03.690989+00:00
2025-02-10 21:34:03,700 - INFO - atmospheric_dynamics_v16 - [OK] Metrics saved for location: United States
2025-02-10 21:34:03,707 - INFO - atmospheric_dynamics_v16 - [OK] Metrics saved for location: Canada
2025-02-10 21:34:03,715 - INFO - atmospheric_dynamics_v16 - [OK] Metrics saved for location: United Kingdom
2025-02-10 21:35:03,719 - INFO - atmospheric_dynamics_v16 - [UPDATE] Updating metrics at 2025-02-10 16:05:03.719359+00:00
2025-02-10 21:35:03,732 - INFO - atmospheric_dynamics_v16 - [OK] Metrics saved for location: United States
2025-02-10 21:35:03,739 - INFO - atmospheric_dynamics_v16 - [OK] Metrics saved for location: Canada
2025-02-10 21:35:03,750 - INFO - atmospheric_dynamics_v16 - [OK] Metrics saved for location: United Kingdom
2025-02-10 21:36:03,752 - INFO - atmospheric_dynamics_v16 - [UPDATE] Updating metrics at 2025-02-10 16:06:03.751917+00:00
2025-02-10 21:36:03,758 - INFO - atmospheric_dynamics_v16 - [OK] Metrics saved for location: United States
2025-02-10 21:36:03,766 - INFO - atmospheric_dynamics_v16 - [OK] Metrics saved for location: Canada
2025-02-10 21:36:03,778 - INFO - atmospheric_dynamics_v16 - [OK] Metrics saved for location: United Kingdom
2025-02-10 21:37:03,779 - INFO - atmospheric_dynamics_v16 - [UPDATE] Updating metrics at 2025-02-10 16:07:03.779206+00:00
2025-02-10 21:37:03,787 - INFO - atmospheric_dynamics_v16 - [OK] Metrics saved for location: United States
2025-02-10 21:37:03,794 - INFO - atmospheric_dynamics_v16 - [OK] Metrics saved for location: Canada
2025-02-10 21:37:03,801 - INFO - atmospheric_dynamics_v16 - [OK] Metrics saved for location: United Kingdom
2025-02-10 21:38:03,803 - INFO - atmospheric_dynamics_v16 - [UPDATE] Updating metrics at 2025-02-10 16:08:03.802922+00:00
2025-02-10 21:38:03,811 - INFO - atmospheric_dynamics_v16 - [OK] Metrics saved for location: United States
2025-02-10 21:38:03,818 - INFO - atmospheric_dynamics_v16 - [OK] Metrics saved for location: Canada
2025-02-10 21:38:03,824 - INFO - atmospheric_dynamics_v16 - [OK] Metrics saved for location: United Kingdom
2025-02-10 21:39:03,830 - INFO - atmospheric_dynamics_v16 - [UPDATE] Updating metrics at 2025-02-10 16:09:03.830676+00:00
2025-02-10 21:39:03,836 - INFO - atmospheric_dynamics_v16 - [OK] Metrics saved for location: United States
2025-02-10 21:39:03,841 - INFO - atmospheric_dynamics_v16 - [OK] Metrics saved for location: Canada
2025-02-10 21:39:03,846 - INFO - atmospheric_dynamics_v16 - [OK] Metrics saved for location: United Kingdom
2025-02-10 21:40:03,847 - INFO - atmospheric_dynamics_v16 - [UPDATE] Updating metrics at 2025-02-10 16:10:03.847564+00:00
2025-02-10 21:40:03,855 - INFO - atmospheric_dynamics_v16 - [OK] Metrics saved for location: United States
2025-02-10 21:40:03,862 - INFO - atmospheric_dynamics_v16 - [OK] Metrics saved for location: Canada
2025-02-10 21:40:03,869 - INFO - atmospheric_dynamics_v16 - [OK] Metrics saved for location: United Kingdom
2025-02-10 21:41:03,871 - INFO - atmospheric_dynamics_v16 - [UPDATE] Updating metrics at 2025-02-10 16:11:03.871179+00:00
2025-02-10 21:41:03,875 - INFO - atmospheric_dynamics_v16 - [OK] Metrics saved for location: United States
2025-02-10 21:41:03,879 - INFO - atmospheric_dynamics_v16 - [OK] Metrics saved for location: Canada
2025-02-10 21:41:03,883 - INFO - atmospheric_dynamics_v16 - [OK] Metrics saved for location: United Kingdom
2025-02-10 21:42:03,884 - INFO - atmospheric_dynamics_v16 - [UPDATE] Updating metrics at 2025-02-10 16:12:03.883999+00:00
2025-02-10 21:42:03,892 - INFO - atmospheric_dynamics_v16 - [OK] Metrics saved for location: United States
2025-02-10 21:42:03,899 - INFO - atmospheric_dynamics_v16 - [OK] Metrics saved for location: Canada
2025-02-10 21:42:03,906 - INFO - atmospheric_dynamics_v16 - [OK] Metrics saved for location: United Kingdom
2025-02-10 21:43:03,908 - INFO - atmospheric_dynamics_v16 - [UPDATE] Updating metrics at 2025-02-10 16:13:03.907859+00:00
2025-02-10 21:43:03,914 - INFO - atmospheric_dynamics_v16 - [OK] Metrics saved for location: United States
2025-02-10 21:43:03,921 - INFO - atmospheric_dynamics_v16 - [OK] Metrics saved for location: Canada
2025-02-10 21:43:03,928 - INFO - atmospheric_dynamics_v16 - [OK] Metrics saved for location: United Kingdom
2025-02-10 21:44:03,930 - INFO - atmospheric_dynamics_v16 - [UPDATE] Updating metrics at 2025-02-10 16:14:03.929952+00:00
2025-02-10 21:44:03,969 - INFO - atmospheric_dynamics_v16 - [OK] Metrics saved for location: United States
2025-02-10 21:44:03,975 - INFO - atmospheric_dynamics_v16 - [OK] Metrics saved for location: Canada
2025-02-10 21:44:03,982 - INFO - atmospheric_dynamics_v16 - [OK] Metrics saved for location: United Kingdom
2025-02-10 21:45:03,983 - INFO - atmospheric_dynamics_v16 - [UPDATE] Updating metrics at 2025-02-10 16:15:03.983734+00:00
2025-02-10 21:45:03,992 - INFO - atmospheric_dynamics_v16 - [OK] Metrics saved for location: United States
2025-02-10 21:45:03,998 - INFO - atmospheric_dynamics_v16 - [OK] Metrics saved for location: Canada
2025-02-10 21:45:04,004 - INFO - atmospheric_dynamics_v16 - [OK] Metrics saved for location: United Kingdom
2025-02-10 21:46:04,005 - INFO - atmospheric_dynamics_v16 - [UPDATE] Updating metrics at 2025-02-10 16:16:04.005516+00:00
2025-02-10 21:46:04,012 - INFO - atmospheric_dynamics_v16 - [OK] Metrics saved for location: United States
2025-02-10 21:46:04,019 - INFO - atmospheric_dynamics_v16 - [OK] Metrics saved for location: Canada
2025-02-10 21:46:04,025 - INFO - atmospheric_dynamics_v16 - [OK] Metrics saved for location: United Kingdom
2025-02-10 21:47:04,030 - INFO - atmospheric_dynamics_v16 - [UPDATE] Updating metrics at 2025-02-10 16:17:04.030223+00:00
2025-02-10 21:47:04,054 - INFO - atmospheric_dynamics_v16 - [OK] Metrics saved for location: United States
2025-02-10 21:47:04,061 - INFO - atmospheric_dynamics_v16 - [OK] Metrics saved for location: Canada
2025-02-10 21:47:04,072 - INFO - atmospheric_dynamics_v16 - [OK] Metrics saved for location: United Kingdom
2025-02-10 21:48:04,076 - INFO - atmospheric_dynamics_v16 - [UPDATE] Updating metrics at 2025-02-10 16:18:04.075939+00:00
2025-02-10 21:48:04,084 - INFO - atmospheric_dynamics_v16 - [OK] Metrics saved for location: United States
2025-02-10 21:48:04,092 - INFO - atmospheric_dynamics_v16 - [OK] Metrics saved for location: Canada
2025-02-10 21:48:04,100 - INFO - atmospheric_dynamics_v16 - [OK] Metrics saved for location: United Kingdom
2025-02-10 21:49:04,101 - INFO - atmospheric_dynamics_v16 - [UPDATE] Updating metrics at 2025-02-10 16:19:04.101607+00:00
2025-02-10 21:49:04,110 - INFO - atmospheric_dynamics_v16 - [OK] Metrics saved for location: United States
2025-02-10 21:49:04,117 - INFO - atmospheric_dynamics_v16 - [OK] Metrics saved for location: Canada
2025-02-10 21:49:04,123 - INFO - atmospheric_dynamics_v16 - [OK] Metrics saved for location: United Kingdom
2025-02-10 21:50:04,124 - INFO - atmospheric_dynamics_v16 - [UPDATE] Updating metrics at 2025-02-10 16:20:04.124342+00:00
2025-02-10 21:50:04,131 - INFO - atmospheric_dynamics_v16 - [OK] Metrics saved for location: United States
2025-02-10 21:50:04,138 - INFO - atmospheric_dynamics_v16 - [OK] Metrics saved for location: Canada
2025-02-10 21:50:04,145 - INFO - atmospheric_dynamics_v16 - [OK] Metrics saved for location: United Kingdom
2025-02-10 21:51:04,146 - INFO - atmospheric_dynamics_v16 - [UPDATE] Updating metrics at 2025-02-10 16:21:04.146134+00:00
2025-02-10 21:51:04,152 - INFO - atmospheric_dynamics_v16 - [OK] Metrics saved for location: United States
2025-02-10 21:51:04,159 - INFO - atmospheric_dynamics_v16 - [OK] Metrics saved for location: Canada
2025-02-10 21:51:04,167 - INFO - atmospheric_dynamics_v16 - [OK] Metrics saved for location: United Kingdom
2025-02-10 21:52:04,169 - INFO - atmospheric_dynamics_v16 - [UPDATE] Updating metrics at 2025-02-10 16:22:04.168879+00:00
2025-02-10 21:52:04,176 - INFO - atmospheric_dynamics_v16 - [OK] Metrics saved for location: United States
2025-02-10 21:52:04,183 - INFO - atmospheric_dynamics_v16 - [OK] Metrics saved for location: Canada
2025-02-10 21:52:04,189 - INFO - atmospheric_dynamics_v16 - [OK] Metrics saved for location: United Kingdom
2025-02-10 21:53:04,191 - INFO - atmospheric_dynamics_v16 - [UPDATE] Updating metrics at 2025-02-10 16:23:04.190951+00:00
2025-02-10 21:53:04,198 - INFO - atmospheric_dynamics_v16 - [OK] Metrics saved for location: United States
2025-02-10 21:53:04,205 - INFO - atmospheric_dynamics_v16 - [OK] Metrics saved for location: Canada
2025-02-10 21:53:04,211 - INFO - atmospheric_dynamics_v16 - [OK] Metrics saved for location: United Kingdom
2025-02-10 21:54:04,215 - INFO - atmospheric_dynamics_v16 - [UPDATE] Updating metrics at 2025-02-10 16:24:04.215192+00:00
2025-02-10 21:54:04,223 - INFO - atmospheric_dynamics_v16 - [OK] Metrics saved for location: United States
2025-02-10 21:54:04,229 - INFO - atmospheric_dynamics_v16 - [OK] Metrics saved for location: Canada
2025-02-10 21:54:04,235 - INFO - atmospheric_dynamics_v16 - [OK] Metrics saved for location: United Kingdom
2025-02-10 21:55:04,241 - INFO - atmospheric_dynamics_v16 - [UPDATE] Updating metrics at 2025-02-10 16:25:04.241217+00:00
2025-02-10 21:55:04,256 - INFO - atmospheric_dynamics_v16 - [OK] Metrics saved for location: United States
2025-02-10 21:55:04,263 - INFO - atmospheric_dynamics_v16 - [OK] Metrics saved for location: Canada
2025-02-10 21:55:04,271 - INFO - atmospheric_dynamics_v16 - [OK] Metrics saved for location: United Kingdom
2025-02-10 21:56:04,273 - INFO - atmospheric_dynamics_v16 - [UPDATE] Updating metrics at 2025-02-10 16:26:04.273395+00:00
2025-02-10 21:56:04,279 - INFO - atmospheric_dynamics_v16 - [OK] Metrics saved for location: United States
2025-02-10 21:56:04,286 - INFO - atmospheric_dynamics_v16 - [OK] Metrics saved for location: Canada
2025-02-10 21:56:04,295 - INFO - atmospheric_dynamics_v16 - [OK] Metrics saved for location: United Kingdom
2025-02-10 21:57:04,296 - INFO - atmospheric_dynamics_v16 - [UPDATE] Updating metrics at 2025-02-10 16:27:04.296776+00:00
2025-02-10 21:57:04,305 - INFO - atmospheric_dynamics_v16 - [OK] Metrics saved for location: United States
2025-02-10 21:57:04,312 - INFO - atmospheric_dynamics_v16 - [OK] Metrics saved for location: Canada
2025-02-10 21:57:04,318 - INFO - atmospheric_dynamics_v16 - [OK] Metrics saved for location: United Kingdom
2025-02-10 21:58:04,320 - INFO - atmospheric_dynamics_v16 - [UPDATE] Updating metrics at 2025-02-10 16:28:04.320078+00:00
2025-02-10 21:58:04,329 - INFO - atmospheric_dynamics_v16 - [OK] Metrics saved for location: United States
2025-02-10 21:58:04,335 - INFO - atmospheric_dynamics_v16 - [OK] Metrics saved for location: Canada
2025-02-10 21:58:04,341 - INFO - atmospheric_dynamics_v16 - [OK] Metrics saved for location: United Kingdom
2025-02-10 21:59:04,342 - INFO - atmospheric_dynamics_v16 - [UPDATE] Updating metrics at 2025-02-10 16:29:04.342147+00:00
2025-02-10 21:59:04,351 - INFO - atmospheric_dynamics_v16 - [OK] Metrics saved for location: United States
2025-02-10 21:59:04,358 - INFO - atmospheric_dynamics_v16 - [OK] Metrics saved for location: Canada
2025-02-10 21:59:04,366 - INFO - atmospheric_dynamics_v16 - [OK] Metrics saved for location: United Kingdom
2025-02-10 22:00:04,367 - INFO - atmospheric_dynamics_v16 - [UPDATE] Updating metrics at 2025-02-10 16:30:04.367454+00:00
2025-02-10 22:00:04,374 - INFO - atmospheric_dynamics_v16 - [OK] Metrics saved for location: United States
2025-02-10 22:00:04,380 - INFO - atmospheric_dynamics_v16 - [OK] Metrics saved for location: Canada
2025-02-10 22:00:04,386 - INFO - atmospheric_dynamics_v16 - [OK] Metrics saved for location: United Kingdom
2025-02-10 22:01:04,388 - INFO - atmospheric_dynamics_v16 - [UPDATE] Updating metrics at 2025-02-10 16:31:04.388108+00:00
2025-02-10 22:01:04,395 - INFO - atmospheric_dynamics_v16 - [OK] Metrics saved for location: United States
2025-02-10 22:01:04,401 - INFO - atmospheric_dynamics_v16 - [OK] Metrics saved for location: Canada
2025-02-10 22:01:04,407 - INFO - atmospheric_dynamics_v16 - [OK] Metrics saved for location: United Kingdom
2025-02-10 22:02:04,412 - INFO - atmospheric_dynamics_v16 - [UPDATE] Updating metrics at 2025-02-10 16:32:04.412020+00:00
2025-02-10 22:02:04,490 - INFO - atmospheric_dynamics_v16 - [OK] Metrics saved for location: United States
2025-02-10 22:02:04,499 - INFO - atmospheric_dynamics_v16 - [OK] Metrics saved for location: Canada
2025-02-10 22:02:04,505 - INFO - atmospheric_dynamics_v16 - [OK] Metrics saved for location: United Kingdom
2025-02-10 22:03:04,507 - INFO - atmospheric_dynamics_v16 - [UPDATE] Updating metrics at 2025-02-10 16:33:04.506854+00:00
2025-02-10 22:03:04,514 - INFO - atmospheric_dynamics_v16 - [OK] Metrics saved for location: United States
2025-02-10 22:03:04,521 - INFO - atmospheric_dynamics_v16 - [OK] Metrics saved for location: Canada
2025-02-10 22:03:04,527 - INFO - atmospheric_dynamics_v16 - [OK] Metrics saved for location: United Kingdom
2025-02-10 22:04:04,528 - INFO - atmospheric_dynamics_v16 - [UPDATE] Updating metrics at 2025-02-10 16:34:04.528737+00:00
2025-02-10 22:04:04,543 - INFO - atmospheric_dynamics_v16 - [OK] Metrics saved for location: United States
2025-02-10 22:04:04,549 - INFO - atmospheric_dynamics_v16 - [OK] Metrics saved for location: Canada
2025-02-10 22:04:04,555 - INFO - atmospheric_dynamics_v16 - [OK] Metrics saved for location: United Kingdom
2025-02-10 22:05:04,559 - INFO - atmospheric_dynamics_v16 - [UPDATE] Updating metrics at 2025-02-10 16:35:04.559633+00:00
2025-02-10 22:05:04,567 - INFO - atmospheric_dynamics_v16 - [OK] Metrics saved for location: United States
2025-02-10 22:05:04,573 - INFO - atmospheric_dynamics_v16 - [OK] Metrics saved for location: Canada
2025-02-10 22:05:04,580 - INFO - atmospheric_dynamics_v16 - [OK] Metrics saved for location: United Kingdom
2025-02-11 07:17:02,083 - INFO - atmospheric_dynamics_v16 - [UPDATE] Updating metrics at 2025-02-11 01:47:02.069514+00:00
2025-02-11 07:17:02,241 - INFO - atmospheric_dynamics_v16 - [OK] Metrics saved for location: United States
2025-02-11 07:17:02,309 - INFO - atmospheric_dynamics_v16 - [OK] Metrics saved for location: Canada
2025-02-11 07:17:02,336 - INFO - atmospheric_dynamics_v16 - [OK] Metrics saved for location: United Kingdom
2025-02-11 07:18:02,391 - INFO - atmospheric_dynamics_v16 - [UPDATE] Updating metrics at 2025-02-11 01:48:02.390948+00:00
2025-02-11 07:18:02,485 - INFO - atmospheric_dynamics_v16 - [OK] Metrics saved for location: United States
2025-02-11 07:18:02,489 - INFO - atmospheric_dynamics_v16 - [OK] Metrics saved for location: Canada
2025-02-11 07:18:02,493 - INFO - atmospheric_dynamics_v16 - [OK] Metrics saved for location: United Kingdom
2025-02-11 07:19:02,494 - INFO - atmospheric_dynamics_v16 - [UPDATE] Updating metrics at 2025-02-11 01:49:02.494049+00:00
2025-02-11 07:19:02,526 - INFO - atmospheric_dynamics_v16 - [OK] Metrics saved for location: United States
2025-02-11 07:19:02,533 - INFO - atmospheric_dynamics_v16 - [OK] Metrics saved for location: Canada
2025-02-11 07:19:02,538 - INFO - atmospheric_dynamics_v16 - [OK] Metrics saved for location: United Kingdom
2025-02-11 07:20:02,539 - INFO - atmospheric_dynamics_v16 - [UPDATE] Updating metrics at 2025-02-11 01:50:02.539447+00:00
2025-02-11 07:20:02,543 - INFO - atmospheric_dynamics_v16 - [OK] Metrics saved for location: United States
2025-02-11 07:20:02,547 - INFO - atmospheric_dynamics_v16 - [OK] Metrics saved for location: Canada
2025-02-11 07:20:02,550 - INFO - atmospheric_dynamics_v16 - [OK] Metrics saved for location: United Kingdom
2025-02-11 07:21:02,552 - INFO - atmospheric_dynamics_v16 - [UPDATE] Updating metrics at 2025-02-11 01:51:02.552149+00:00
2025-02-11 07:21:02,556 - INFO - atmospheric_dynamics_v16 - [OK] Metrics saved for location: United States
2025-02-11 07:21:02,562 - INFO - atmospheric_dynamics_v16 - [OK] Metrics saved for location: Canada
2025-02-11 07:21:02,565 - INFO - atmospheric_dynamics_v16 - [OK] Metrics saved for location: United Kingdom
2025-02-11 07:22:02,567 - INFO - atmospheric_dynamics_v16 - [UPDATE] Updating metrics at 2025-02-11 01:52:02.567441+00:00
2025-02-11 07:22:03,141 - INFO - atmospheric_dynamics_v16 - [OK] Metrics saved for location: United States
2025-02-11 07:22:03,235 - INFO - atmospheric_dynamics_v16 - [OK] Metrics saved for location: Canada
2025-02-11 07:22:03,315 - INFO - atmospheric_dynamics_v16 - [OK] Metrics saved for location: United Kingdom
2025-02-11 07:23:03,345 - INFO - atmospheric_dynamics_v16 - [UPDATE] Updating metrics at 2025-02-11 01:53:03.345664+00:00
2025-02-11 07:23:03,414 - INFO - atmospheric_dynamics_v16 - [OK] Metrics saved for location: United States
2025-02-11 07:23:03,429 - INFO - atmospheric_dynamics_v16 - [OK] Metrics saved for location: Canada
2025-02-11 07:23:03,434 - INFO - atmospheric_dynamics_v16 - [OK] Metrics saved for location: United Kingdom
2025-02-11 07:24:03,435 - INFO - atmospheric_dynamics_v16 - [UPDATE] Updating metrics at 2025-02-11 01:54:03.434920+00:00
2025-02-11 07:24:03,455 - INFO - atmospheric_dynamics_v16 - [OK] Metrics saved for location: United States
2025-02-11 07:24:03,459 - INFO - atmospheric_dynamics_v16 - [OK] Metrics saved for location: Canada
2025-02-11 07:24:03,462 - INFO - atmospheric_dynamics_v16 - [OK] Metrics saved for location: United Kingdom
2025-02-11 07:25:03,464 - INFO - atmospheric_dynamics_v16 - [UPDATE] Updating metrics at 2025-02-11 01:55:03.463847+00:00
2025-02-11 07:25:03,476 - INFO - atmospheric_dynamics_v16 - [OK] Metrics saved for location: United States
2025-02-11 07:25:03,485 - INFO - atmospheric_dynamics_v16 - [OK] Metrics saved for location: Canada
2025-02-11 07:25:03,489 - INFO - atmospheric_dynamics_v16 - [OK] Metrics saved for location: United Kingdom
2025-02-11 07:26:03,492 - INFO - atmospheric_dynamics_v16 - [UPDATE] Updating metrics at 2025-02-11 01:56:03.492161+00:00
2025-02-11 07:26:03,593 - INFO - atmospheric_dynamics_v16 - [OK] Metrics saved for location: United States
2025-02-11 07:26:03,633 - INFO - atmospheric_dynamics_v16 - [OK] Metrics saved for location: Canada
2025-02-11 07:26:03,638 - INFO - atmospheric_dynamics_v16 - [OK] Metrics saved for location: United Kingdom
2025-02-11 07:27:03,639 - INFO - atmospheric_dynamics_v16 - [UPDATE] Updating metrics at 2025-02-11 01:57:03.639706+00:00
2025-02-11 07:27:03,656 - INFO - atmospheric_dynamics_v16 - [OK] Metrics saved for location: United States
2025-02-11 07:27:03,660 - INFO - atmospheric_dynamics_v16 - [OK] Metrics saved for location: Canada
2025-02-11 07:27:03,663 - INFO - atmospheric_dynamics_v16 - [OK] Metrics saved for location: United Kingdom
2025-02-11 07:28:03,664 - INFO - atmospheric_dynamics_v16 - [UPDATE] Updating metrics at 2025-02-11 01:58:03.664362+00:00
2025-02-11 07:28:03,715 - INFO - atmospheric_dynamics_v16 - [OK] Metrics saved for location: United States
2025-02-11 07:28:03,718 - INFO - atmospheric_dynamics_v16 - [OK] Metrics saved for location: Canada
2025-02-11 07:28:03,724 - INFO - atmospheric_dynamics_v16 - [OK] Metrics saved for location: United Kingdom
2025-02-11 07:29:03,725 - INFO - atmospheric_dynamics_v16 - [UPDATE] Updating metrics at 2025-02-11 01:59:03.725131+00:00
2025-02-11 07:29:03,744 - INFO - atmospheric_dynamics_v16 - [OK] Metrics saved for location: United States
2025-02-11 07:29:03,748 - INFO - atmospheric_dynamics_v16 - [OK] Metrics saved for location: Canada
2025-02-11 07:29:03,752 - INFO - atmospheric_dynamics_v16 - [OK] Metrics saved for location: United Kingdom
2025-02-11 07:30:03,754 - INFO - atmospheric_dynamics_v16 - [UPDATE] Updating metrics at 2025-02-11 02:00:03.754423+00:00
2025-02-11 07:30:05,175 - INFO - atmospheric_dynamics_v16 - [OK] Metrics saved for location: United States
2025-02-11 07:30:05,705 - INFO - atmospheric_dynamics_v16 - [OK] Metrics saved for location: Canada
2025-02-11 07:30:06,154 - INFO - atmospheric_dynamics_v16 - [OK] Metrics saved for location: United Kingdom
2025-02-11 07:31:06,155 - INFO - atmospheric_dynamics_v16 - [UPDATE] Updating metrics at 2025-02-11 02:01:06.154881+00:00
2025-02-11 07:31:06,160 - INFO - atmospheric_dynamics_v16 - [OK] Metrics saved for location: United States
2025-02-11 07:31:06,164 - INFO - atmospheric_dynamics_v16 - [OK] Metrics saved for location: Canada
2025-02-11 07:31:06,168 - INFO - atmospheric_dynamics_v16 - [OK] Metrics saved for location: United Kingdom
2025-02-11 07:32:06,169 - INFO - atmospheric_dynamics_v16 - [UPDATE] Updating metrics at 2025-02-11 02:02:06.169335+00:00
2025-02-11 07:32:06,185 - INFO - atmospheric_dynamics_v16 - [OK] Metrics saved for location: United States
2025-02-11 07:32:06,221 - INFO - atmospheric_dynamics_v16 - [OK] Metrics saved for location: Canada
2025-02-11 07:32:06,260 - INFO - atmospheric_dynamics_v16 - [OK] Metrics saved for location: United Kingdom
2025-02-11 07:33:06,305 - INFO - atmospheric_dynamics_v16 - [UPDATE] Updating metrics at 2025-02-11 02:03:06.305187+00:00
2025-02-11 07:33:06,330 - INFO - atmospheric_dynamics_v16 - [OK] Metrics saved for location: United States
2025-02-11 07:33:06,337 - INFO - atmospheric_dynamics_v16 - [OK] Metrics saved for location: Canada
2025-02-11 07:33:06,344 - INFO - atmospheric_dynamics_v16 - [OK] Metrics saved for location: United Kingdom
2025-02-11 07:34:06,350 - INFO - atmospheric_dynamics_v16 - [UPDATE] Updating metrics at 2025-02-11 02:04:06.350488+00:00
2025-02-11 07:34:06,358 - INFO - atmospheric_dynamics_v16 - [OK] Metrics saved for location: United States
2025-02-11 07:34:06,363 - INFO - atmospheric_dynamics_v16 - [OK] Metrics saved for location: Canada
2025-02-11 07:34:06,367 - INFO - atmospheric_dynamics_v16 - [OK] Metrics saved for location: United Kingdom
2025-02-11 07:35:06,369 - INFO - atmospheric_dynamics_v16 - [UPDATE] Updating metrics at 2025-02-11 02:05:06.369463+00:00
2025-02-11 07:35:06,731 - INFO - atmospheric_dynamics_v16 - [OK] Metrics saved for location: United States
2025-02-11 07:35:06,734 - INFO - atmospheric_dynamics_v16 - [OK] Metrics saved for location: Canada
2025-02-11 07:35:06,738 - INFO - atmospheric_dynamics_v16 - [OK] Metrics saved for location: United Kingdom
2025-02-11 07:36:06,740 - INFO - atmospheric_dynamics_v16 - [UPDATE] Updating metrics at 2025-02-11 02:06:06.740015+00:00
2025-02-11 07:36:06,745 - INFO - atmospheric_dynamics_v16 - [OK] Metrics saved for location: United States
2025-02-11 07:36:06,752 - INFO - atmospheric_dynamics_v16 - [OK] Metrics saved for location: Canada
2025-02-11 07:36:06,758 - INFO - atmospheric_dynamics_v16 - [OK] Metrics saved for location: United Kingdom
2025-02-11 07:37:06,759 - INFO - atmospheric_dynamics_v16 - [UPDATE] Updating metrics at 2025-02-11 02:07:06.759305+00:00
2025-02-11 07:37:06,801 - INFO - atmospheric_dynamics_v16 - [OK] Metrics saved for location: United States
2025-02-11 07:37:06,804 - INFO - atmospheric_dynamics_v16 - [OK] Metrics saved for location: Canada
2025-02-11 07:37:06,807 - INFO - atmospheric_dynamics_v16 - [OK] Metrics saved for location: United Kingdom
2025-02-11 07:38:06,810 - INFO - atmospheric_dynamics_v16 - [UPDATE] Updating metrics at 2025-02-11 02:08:06.809934+00:00
2025-02-11 07:38:06,832 - INFO - atmospheric_dynamics_v16 - [OK] Metrics saved for location: United States
2025-02-11 07:38:06,836 - INFO - atmospheric_dynamics_v16 - [OK] Metrics saved for location: Canada
2025-02-11 07:38:06,839 - INFO - atmospheric_dynamics_v16 - [OK] Metrics saved for location: United Kingdom
2025-02-11 07:39:06,841 - INFO - atmospheric_dynamics_v16 - [UPDATE] Updating metrics at 2025-02-11 02:09:06.840904+00:00
2025-02-11 07:39:06,848 - INFO - atmospheric_dynamics_v16 - [OK] Metrics saved for location: United States
2025-02-11 07:39:06,852 - INFO - atmospheric_dynamics_v16 - [OK] Metrics saved for location: Canada
2025-02-11 07:39:06,858 - INFO - atmospheric_dynamics_v16 - [OK] Metrics saved for location: United Kingdom
2025-02-11 07:40:06,860 - INFO - atmospheric_dynamics_v16 - [UPDATE] Updating metrics at 2025-02-11 02:10:06.859879+00:00
2025-02-11 07:40:06,874 - INFO - atmospheric_dynamics_v16 - [OK] Metrics saved for location: United States
2025-02-11 07:40:06,879 - INFO - atmospheric_dynamics_v16 - [OK] Metrics saved for location: Canada
2025-02-11 07:40:06,885 - INFO - atmospheric_dynamics_v16 - [OK] Metrics saved for location: United Kingdom
2025-02-11 07:41:06,885 - INFO - atmospheric_dynamics_v16 - [UPDATE] Updating metrics at 2025-02-11 02:11:06.885715+00:00
2025-02-11 07:41:06,912 - INFO - atmospheric_dynamics_v16 - [OK] Metrics saved for location: United States
2025-02-11 07:41:06,916 - INFO - atmospheric_dynamics_v16 - [OK] Metrics saved for location: Canada
2025-02-11 07:41:06,919 - INFO - atmospheric_dynamics_v16 - [OK] Metrics saved for location: United Kingdom
2025-02-11 07:42:06,921 - INFO - atmospheric_dynamics_v16 - [UPDATE] Updating metrics at 2025-02-11 02:12:06.921395+00:00
2025-02-11 07:42:06,960 - INFO - atmospheric_dynamics_v16 - [OK] Metrics saved for location: United States
2025-02-11 07:42:06,967 - INFO - atmospheric_dynamics_v16 - [OK] Metrics saved for location: Canada
2025-02-11 07:42:06,969 - INFO - atmospheric_dynamics_v16 - [OK] Metrics saved for location: United Kingdom
2025-02-11 07:43:06,970 - INFO - atmospheric_dynamics_v16 - [UPDATE] Updating metrics at 2025-02-11 02:13:06.970437+00:00
2025-02-11 07:43:06,978 - INFO - atmospheric_dynamics_v16 - [OK] Metrics saved for location: United States
2025-02-11 07:43:06,980 - INFO - atmospheric_dynamics_v16 - [OK] Metrics saved for location: Canada
2025-02-11 07:43:06,985 - INFO - atmospheric_dynamics_v16 - [OK] Metrics saved for location: United Kingdom
2025-02-11 07:44:06,989 - INFO - atmospheric_dynamics_v16 - [UPDATE] Updating metrics at 2025-02-11 02:14:06.989365+00:00
2025-02-11 07:44:07,092 - INFO - atmospheric_dynamics_v16 - [OK] Metrics saved for location: United States
2025-02-11 07:44:07,133 - INFO - atmospheric_dynamics_v16 - [OK] Metrics saved for location: Canada
2025-02-11 07:44:07,142 - INFO - atmospheric_dynamics_v16 - [OK] Metrics saved for location: United Kingdom
2025-02-11 07:45:07,143 - INFO - atmospheric_dynamics_v16 - [UPDATE] Updating metrics at 2025-02-11 02:15:07.143805+00:00
2025-02-11 07:45:07,161 - INFO - atmospheric_dynamics_v16 - [OK] Metrics saved for location: United States
2025-02-11 07:45:07,168 - INFO - atmospheric_dynamics_v16 - [OK] Metrics saved for location: Canada
2025-02-11 07:45:07,172 - INFO - atmospheric_dynamics_v16 - [OK] Metrics saved for location: United Kingdom
2025-02-11 07:46:07,174 - INFO - atmospheric_dynamics_v16 - [UPDATE] Updating metrics at 2025-02-11 02:16:07.174070+00:00
2025-02-11 07:46:07,190 - INFO - atmospheric_dynamics_v16 - [OK] Metrics saved for location: United States
2025-02-11 07:46:07,194 - INFO - atmospheric_dynamics_v16 - [OK] Metrics saved for location: Canada
2025-02-11 07:46:07,197 - INFO - atmospheric_dynamics_v16 - [OK] Metrics saved for location: United Kingdom
2025-02-11 07:47:07,198 - INFO - atmospheric_dynamics_v16 - [UPDATE] Updating metrics at 2025-02-11 02:17:07.198643+00:00
2025-02-11 07:47:07,203 - INFO - atmospheric_dynamics_v16 - [OK] Metrics saved for location: United States
2025-02-11 07:47:07,206 - INFO - atmospheric_dynamics_v16 - [OK] Metrics saved for location: Canada
2025-02-11 07:47:07,211 - INFO - atmospheric_dynamics_v16 - [OK] Metrics saved for location: United Kingdom
2025-02-11 07:48:07,212 - INFO - atmospheric_dynamics_v16 - [UPDATE] Updating metrics at 2025-02-11 02:18:07.212369+00:00
2025-02-11 07:48:07,385 - INFO - atmospheric_dynamics_v16 - [OK] Metrics saved for location: United States
2025-02-11 07:48:07,391 - INFO - atmospheric_dynamics_v16 - [OK] Metrics saved for location: Canada
2025-02-11 07:48:07,400 - INFO - atmospheric_dynamics_v16 - [OK] Metrics saved for location: United Kingdom
2025-02-11 07:49:07,402 - INFO - atmospheric_dynamics_v16 - [UPDATE] Updating metrics at 2025-02-11 02:19:07.402607+00:00
2025-02-11 07:49:07,430 - INFO - atmospheric_dynamics_v16 - [OK] Metrics saved for location: United States
2025-02-11 07:49:07,437 - INFO - atmospheric_dynamics_v16 - [OK] Metrics saved for location: Canada
2025-02-11 07:49:07,446 - INFO - atmospheric_dynamics_v16 - [OK] Metrics saved for location: United Kingdom
2025-02-11 07:50:07,448 - INFO - atmospheric_dynamics_v16 - [UPDATE] Updating metrics at 2025-02-11 02:20:07.448521+00:00
2025-02-11 07:50:07,472 - INFO - atmospheric_dynamics_v16 - [OK] Metrics saved for location: United States
2025-02-11 07:50:07,478 - INFO - atmospheric_dynamics_v16 - [OK] Metrics saved for location: Canada
2025-02-11 07:50:07,484 - INFO - atmospheric_dynamics_v16 - [OK] Metrics saved for location: United Kingdom
2025-02-11 07:51:07,485 - INFO - atmospheric_dynamics_v16 - [UPDATE] Updating metrics at 2025-02-11 02:21:07.485734+00:00
2025-02-11 07:51:07,530 - INFO - atmospheric_dynamics_v16 - [OK] Metrics saved for location: United States
2025-02-11 07:51:07,588 - INFO - atmospheric_dynamics_v16 - [OK] Metrics saved for location: Canada
2025-02-11 07:51:07,657 - INFO - atmospheric_dynamics_v16 - [OK] Metrics saved for location: United Kingdom
2025-02-11 07:52:07,714 - INFO - atmospheric_dynamics_v16 - [UPDATE] Updating metrics at 2025-02-11 02:22:07.713903+00:00
2025-02-11 07:52:07,786 - INFO - atmospheric_dynamics_v16 - [OK] Metrics saved for location: United States
2025-02-11 07:52:07,813 - INFO - atmospheric_dynamics_v16 - [OK] Metrics saved for location: Canada
2025-02-11 07:52:07,816 - INFO - atmospheric_dynamics_v16 - [OK] Metrics saved for location: United Kingdom
2025-02-11 07:53:07,816 - INFO - atmospheric_dynamics_v16 - [UPDATE] Updating metrics at 2025-02-11 02:23:07.816697+00:00
2025-02-11 07:53:07,847 - INFO - atmospheric_dynamics_v16 - [OK] Metrics saved for location: United States
2025-02-11 07:53:07,851 - INFO - atmospheric_dynamics_v16 - [OK] Metrics saved for location: Canada
2025-02-11 07:53:07,854 - INFO - atmospheric_dynamics_v16 - [OK] Metrics saved for location: United Kingdom
2025-02-11 07:54:07,857 - INFO - atmospheric_dynamics_v16 - [UPDATE] Updating metrics at 2025-02-11 02:24:07.857067+00:00
2025-02-11 07:54:07,866 - INFO - atmospheric_dynamics_v16 - [OK] Metrics saved for location: United States
2025-02-11 07:54:07,872 - INFO - atmospheric_dynamics_v16 - [OK] Metrics saved for location: Canada
2025-02-11 07:54:07,876 - INFO - atmospheric_dynamics_v16 - [OK] Metrics saved for location: United Kingdom
2025-02-11 07:55:07,877 - INFO - atmospheric_dynamics_v16 - [UPDATE] Updating metrics at 2025-02-11 02:25:07.877154+00:00
2025-02-11 07:55:07,897 - INFO - atmospheric_dynamics_v16 - [OK] Metrics saved for location: United States
2025-02-11 07:55:07,901 - INFO - atmospheric_dynamics_v16 - [OK] Metrics saved for location: Canada
2025-02-11 07:55:07,904 - INFO - atmospheric_dynamics_v16 - [OK] Metrics saved for location: United Kingdom
2025-02-11 07:56:07,905 - INFO - atmospheric_dynamics_v16 - [UPDATE] Updating metrics at 2025-02-11 02:26:07.905406+00:00
2025-02-11 07:56:07,930 - INFO - atmospheric_dynamics_v16 - [OK] Metrics saved for location: United States
2025-02-11 07:56:07,932 - INFO - atmospheric_dynamics_v16 - [OK] Metrics saved for location: Canada
2025-02-11 07:56:07,935 - INFO - atmospheric_dynamics_v16 - [OK] Metrics saved for location: United Kingdom
2025-02-11 07:57:07,936 - INFO - atmospheric_dynamics_v16 - [UPDATE] Updating metrics at 2025-02-11 02:27:07.936506+00:00
2025-02-11 07:57:07,955 - INFO - atmospheric_dynamics_v16 - [OK] Metrics saved for location: United States
2025-02-11 07:57:07,959 - INFO - atmospheric_dynamics_v16 - [OK] Metrics saved for location: Canada
2025-02-11 07:57:07,962 - INFO - atmospheric_dynamics_v16 - [OK] Metrics saved for location: United Kingdom
2025-02-11 07:58:07,963 - INFO - atmospheric_dynamics_v16 - [UPDATE] Updating metrics at 2025-02-11 02:28:07.963457+00:00
2025-02-11 07:58:07,992 - INFO - atmospheric_dynamics_v16 - [OK] Metrics saved for location: United States
2025-02-11 07:58:07,995 - INFO - atmospheric_dynamics_v16 - [OK] Metrics saved for location: Canada
2025-02-11 07:58:07,998 - INFO - atmospheric_dynamics_v16 - [OK] Metrics saved for location: United Kingdom
2025-02-11 07:59:08,000 - INFO - atmospheric_dynamics_v16 - [UPDATE] Updating metrics at 2025-02-11 02:29:07.999903+00:00
2025-02-11 07:59:08,009 - INFO - atmospheric_dynamics_v16 - [OK] Metrics saved for location: United States
2025-02-11 07:59:08,013 - INFO - atmospheric_dynamics_v16 - [OK] Metrics saved for location: Canada
2025-02-11 07:59:08,018 - INFO - atmospheric_dynamics_v16 - [OK] Metrics saved for location: United Kingdom
2025-02-11 08:00:08,018 - INFO - atmospheric_dynamics_v16 - [UPDATE] Updating metrics at 2025-02-11 02:30:08.018763+00:00
2025-02-11 08:00:08,155 - INFO - atmospheric_dynamics_v16 - [OK] Metrics saved for location: United States
2025-02-11 08:00:08,191 - INFO - atmospheric_dynamics_v16 - [OK] Metrics saved for location: Canada
2025-02-11 08:00:08,195 - INFO - atmospheric_dynamics_v16 - [OK] Metrics saved for location: United Kingdom
2025-02-11 08:01:08,279 - INFO - atmospheric_dynamics_v16 - [UPDATE] Updating metrics at 2025-02-11 02:31:08.278859+00:00
2025-02-11 08:01:08,351 - INFO - atmospheric_dynamics_v16 - [OK] Metrics saved for location: United States
2025-02-11 08:01:08,359 - INFO - atmospheric_dynamics_v16 - [OK] Metrics saved for location: Canada
2025-02-11 08:01:08,362 - INFO - atmospheric_dynamics_v16 - [OK] Metrics saved for location: United Kingdom
2025-02-11 08:02:08,363 - INFO - atmospheric_dynamics_v16 - [UPDATE] Updating metrics at 2025-02-11 02:32:08.363388+00:00
2025-02-11 08:02:08,399 - INFO - atmospheric_dynamics_v16 - [OK] Metrics saved for location: United States
2025-02-11 08:02:08,401 - INFO - atmospheric_dynamics_v16 - [OK] Metrics saved for location: Canada
2025-02-11 08:02:08,406 - INFO - atmospheric_dynamics_v16 - [OK] Metrics saved for location: United Kingdom
2025-02-11 08:03:08,409 - INFO - atmospheric_dynamics_v16 - [UPDATE] Updating metrics at 2025-02-11 02:33:08.408860+00:00
2025-02-11 08:03:08,496 - INFO - atmospheric_dynamics_v16 - [OK] Metrics saved for location: United States
2025-02-11 08:03:08,501 - INFO - atmospheric_dynamics_v16 - [OK] Metrics saved for location: Canada
2025-02-11 08:03:08,505 - INFO - atmospheric_dynamics_v16 - [OK] Metrics saved for location: United Kingdom
2025-02-11 08:04:08,506 - INFO - atmospheric_dynamics_v16 - [UPDATE] Updating metrics at 2025-02-11 02:34:08.506456+00:00
2025-02-11 08:04:08,523 - INFO - atmospheric_dynamics_v16 - [OK] Metrics saved for location: United States
2025-02-11 08:04:08,527 - INFO - atmospheric_dynamics_v16 - [OK] Metrics saved for location: Canada
2025-02-11 08:04:08,564 - INFO - atmospheric_dynamics_v16 - [OK] Metrics saved for location: United Kingdom
2025-02-11 08:05:08,594 - INFO - atmospheric_dynamics_v16 - [UPDATE] Updating metrics at 2025-02-11 02:35:08.593805+00:00
2025-02-11 08:05:08,620 - INFO - atmospheric_dynamics_v16 - [OK] Metrics saved for location: United States
2025-02-11 08:05:08,624 - INFO - atmospheric_dynamics_v16 - [OK] Metrics saved for location: Canada
2025-02-11 08:05:08,627 - INFO - atmospheric_dynamics_v16 - [OK] Metrics saved for location: United Kingdom
2025-02-11 08:06:08,628 - INFO - atmospheric_dynamics_v16 - [UPDATE] Updating metrics at 2025-02-11 02:36:08.628460+00:00
2025-02-11 08:06:08,632 - INFO - atmospheric_dynamics_v16 - [OK] Metrics saved for location: United States
2025-02-11 08:06:08,637 - INFO - atmospheric_dynamics_v16 - [OK] Metrics saved for location: Canada
2025-02-11 08:06:08,640 - INFO - atmospheric_dynamics_v16 - [OK] Metrics saved for location: United Kingdom
2025-02-11 08:07:08,643 - INFO - atmospheric_dynamics_v16 - [UPDATE] Updating metrics at 2025-02-11 02:37:08.643440+00:00
2025-02-11 08:07:08,678 - INFO - atmospheric_dynamics_v16 - [OK] Metrics saved for location: United States
2025-02-11 08:07:08,680 - INFO - atmospheric_dynamics_v16 - [OK] Metrics saved for location: Canada
2025-02-11 08:07:08,685 - INFO - atmospheric_dynamics_v16 - [OK] Metrics saved for location: United Kingdom
2025-02-11 08:08:08,686 - INFO - atmospheric_dynamics_v16 - [UPDATE] Updating metrics at 2025-02-11 02:38:08.686165+00:00
2025-02-11 08:08:08,700 - INFO - atmospheric_dynamics_v16 - [OK] Metrics saved for location: United States
2025-02-11 08:08:08,708 - INFO - atmospheric_dynamics_v16 - [OK] Metrics saved for location: Canada
2025-02-11 08:08:08,715 - INFO - atmospheric_dynamics_v16 - [OK] Metrics saved for location: United Kingdom
2025-02-11 08:09:08,718 - INFO - atmospheric_dynamics_v16 - [UPDATE] Updating metrics at 2025-02-11 02:39:08.718078+00:00
2025-02-11 08:09:08,725 - INFO - atmospheric_dynamics_v16 - [OK] Metrics saved for location: United States
2025-02-11 08:09:08,730 - INFO - atmospheric_dynamics_v16 - [OK] Metrics saved for location: Canada
2025-02-11 08:09:08,732 - INFO - atmospheric_dynamics_v16 - [OK] Metrics saved for location: United Kingdom
2025-02-11 08:10:08,735 - INFO - atmospheric_dynamics_v16 - [UPDATE] Updating metrics at 2025-02-11 02:40:08.734735+00:00
2025-02-11 08:10:08,741 - INFO - atmospheric_dynamics_v16 - [OK] Metrics saved for location: United States
2025-02-11 08:10:08,751 - INFO - atmospheric_dynamics_v16 - [OK] Metrics saved for location: Canada
2025-02-11 08:10:08,756 - INFO - atmospheric_dynamics_v16 - [OK] Metrics saved for location: United Kingdom
2025-02-11 08:11:08,758 - INFO - atmospheric_dynamics_v16 - [UPDATE] Updating metrics at 2025-02-11 02:41:08.757781+00:00
2025-02-11 08:11:08,767 - INFO - atmospheric_dynamics_v16 - [OK] Metrics saved for location: United States
2025-02-11 08:11:08,773 - INFO - atmospheric_dynamics_v16 - [OK] Metrics saved for location: Canada
2025-02-11 08:11:08,781 - INFO - atmospheric_dynamics_v16 - [OK] Metrics saved for location: United Kingdom
2025-02-11 08:12:08,783 - INFO - atmospheric_dynamics_v16 - [UPDATE] Updating metrics at 2025-02-11 02:42:08.783365+00:00
2025-02-11 08:12:08,792 - INFO - atmospheric_dynamics_v16 - [OK] Metrics saved for location: United States
2025-02-11 08:12:08,801 - INFO - atmospheric_dynamics_v16 - [OK] Metrics saved for location: Canada
2025-02-11 08:12:08,808 - INFO - atmospheric_dynamics_v16 - [OK] Metrics saved for location: United Kingdom
2025-02-11 08:13:08,812 - INFO - atmospheric_dynamics_v16 - [UPDATE] Updating metrics at 2025-02-11 02:43:08.812706+00:00
2025-02-11 08:13:08,818 - INFO - atmospheric_dynamics_v16 - [OK] Metrics saved for location: United States
2025-02-11 08:13:08,822 - INFO - atmospheric_dynamics_v16 - [OK] Metrics saved for location: Canada
2025-02-11 08:13:08,826 - INFO - atmospheric_dynamics_v16 - [OK] Metrics saved for location: United Kingdom
2025-02-11 08:14:08,828 - INFO - atmospheric_dynamics_v16 - [UPDATE] Updating metrics at 2025-02-11 02:44:08.828454+00:00
2025-02-11 08:14:08,834 - INFO - atmospheric_dynamics_v16 - [OK] Metrics saved for location: United States
2025-02-11 08:14:08,839 - INFO - atmospheric_dynamics_v16 - [OK] Metrics saved for location: Canada
2025-02-11 08:14:08,842 - INFO - atmospheric_dynamics_v16 - [OK] Metrics saved for location: United Kingdom
2025-02-11 08:15:08,844 - INFO - atmospheric_dynamics_v16 - [UPDATE] Updating metrics at 2025-02-11 02:45:08.844696+00:00
2025-02-11 08:15:09,205 - INFO - atmospheric_dynamics_v16 - [OK] Metrics saved for location: United States
2025-02-11 08:15:09,338 - INFO - atmospheric_dynamics_v16 - [OK] Metrics saved for location: Canada
2025-02-11 08:15:09,376 - INFO - atmospheric_dynamics_v16 - [OK] Metrics saved for location: United Kingdom
2025-02-11 08:16:09,378 - INFO - atmospheric_dynamics_v16 - [UPDATE] Updating metrics at 2025-02-11 02:46:09.377822+00:00
2025-02-11 08:16:09,400 - INFO - atmospheric_dynamics_v16 - [OK] Metrics saved for location: United States
2025-02-11 08:16:09,410 - INFO - atmospheric_dynamics_v16 - [OK] Metrics saved for location: Canada
2025-02-11 08:16:09,415 - INFO - atmospheric_dynamics_v16 - [OK] Metrics saved for location: United Kingdom
2025-02-11 08:17:09,418 - INFO - atmospheric_dynamics_v16 - [UPDATE] Updating metrics at 2025-02-11 02:47:09.418107+00:00
2025-02-11 08:17:09,423 - INFO - atmospheric_dynamics_v16 - [OK] Metrics saved for location: United States
2025-02-11 08:17:09,427 - INFO - atmospheric_dynamics_v16 - [OK] Metrics saved for location: Canada
2025-02-11 08:17:09,434 - INFO - atmospheric_dynamics_v16 - [OK] Metrics saved for location: United Kingdom
2025-02-11 08:18:09,436 - INFO - atmospheric_dynamics_v16 - [UPDATE] Updating metrics at 2025-02-11 02:48:09.435966+00:00
2025-02-11 08:18:09,460 - INFO - atmospheric_dynamics_v16 - [OK] Metrics saved for location: United States
2025-02-11 08:18:09,463 - INFO - atmospheric_dynamics_v16 - [OK] Metrics saved for location: Canada
2025-02-11 08:18:09,467 - INFO - atmospheric_dynamics_v16 - [OK] Metrics saved for location: United Kingdom
2025-02-11 08:19:09,468 - INFO - atmospheric_dynamics_v16 - [UPDATE] Updating metrics at 2025-02-11 02:49:09.468235+00:00
2025-02-11 08:19:09,496 - INFO - atmospheric_dynamics_v16 - [OK] Metrics saved for location: United States
2025-02-11 08:19:09,499 - INFO - atmospheric_dynamics_v16 - [OK] Metrics saved for location: Canada
2025-02-11 08:19:09,503 - INFO - atmospheric_dynamics_v16 - [OK] Metrics saved for location: United Kingdom
2025-02-11 08:20:09,505 - INFO - atmospheric_dynamics_v16 - [UPDATE] Updating metrics at 2025-02-11 02:50:09.505076+00:00
2025-02-11 08:20:09,580 - INFO - atmospheric_dynamics_v16 - [OK] Metrics saved for location: United States
2025-02-11 08:20:09,584 - INFO - atmospheric_dynamics_v16 - [OK] Metrics saved for location: Canada
2025-02-11 08:20:09,588 - INFO - atmospheric_dynamics_v16 - [OK] Metrics saved for location: United Kingdom
2025-02-11 08:21:09,590 - INFO - atmospheric_dynamics_v16 - [UPDATE] Updating metrics at 2025-02-11 02:51:09.589811+00:00
2025-02-11 08:21:09,598 - INFO - atmospheric_dynamics_v16 - [OK] Metrics saved for location: United States
2025-02-11 08:21:09,602 - INFO - atmospheric_dynamics_v16 - [OK] Metrics saved for location: Canada
2025-02-11 08:21:09,605 - INFO - atmospheric_dynamics_v16 - [OK] Metrics saved for location: United Kingdom
2025-02-11 08:22:09,618 - INFO - atmospheric_dynamics_v16 - [UPDATE] Updating metrics at 2025-02-11 02:52:09.617344+00:00
2025-02-11 08:22:09,713 - INFO - atmospheric_dynamics_v16 - [OK] Metrics saved for location: United States
2025-02-11 08:22:09,787 - INFO - atmospheric_dynamics_v16 - [OK] Metrics saved for location: Canada
2025-02-11 08:22:09,820 - INFO - atmospheric_dynamics_v16 - [OK] Metrics saved for location: United Kingdom
2025-02-11 08:23:09,850 - INFO - atmospheric_dynamics_v16 - [UPDATE] Updating metrics at 2025-02-11 02:53:09.850518+00:00
2025-02-11 08:23:09,882 - INFO - atmospheric_dynamics_v16 - [OK] Metrics saved for location: United States
2025-02-11 08:23:09,884 - INFO - atmospheric_dynamics_v16 - [OK] Metrics saved for location: Canada
2025-02-11 08:23:09,889 - INFO - atmospheric_dynamics_v16 - [OK] Metrics saved for location: United Kingdom
2025-02-11 08:24:09,890 - INFO - atmospheric_dynamics_v16 - [UPDATE] Updating metrics at 2025-02-11 02:54:09.890218+00:00
2025-02-11 08:24:09,909 - INFO - atmospheric_dynamics_v16 - [OK] Metrics saved for location: United States
2025-02-11 08:24:09,913 - INFO - atmospheric_dynamics_v16 - [OK] Metrics saved for location: Canada
2025-02-11 08:24:09,919 - INFO - atmospheric_dynamics_v16 - [OK] Metrics saved for location: United Kingdom
2025-02-11 08:25:09,925 - INFO - atmospheric_dynamics_v16 - [UPDATE] Updating metrics at 2025-02-11 02:55:09.924901+00:00
2025-02-11 08:25:09,952 - INFO - atmospheric_dynamics_v16 - [OK] Metrics saved for location: United States
2025-02-11 08:25:09,957 - INFO - atmospheric_dynamics_v16 - [OK] Metrics saved for location: Canada
2025-02-11 08:25:09,962 - INFO - atmospheric_dynamics_v16 - [OK] Metrics saved for location: United Kingdom
2025-02-11 08:26:09,963 - INFO - atmospheric_dynamics_v16 - [UPDATE] Updating metrics at 2025-02-11 02:56:09.963491+00:00
2025-02-11 08:26:09,970 - INFO - atmospheric_dynamics_v16 - [OK] Metrics saved for location: United States
2025-02-11 08:26:09,977 - INFO - atmospheric_dynamics_v16 - [OK] Metrics saved for location: Canada
2025-02-11 08:26:09,983 - INFO - atmospheric_dynamics_v16 - [OK] Metrics saved for location: United Kingdom
2025-02-11 08:27:09,985 - INFO - atmospheric_dynamics_v16 - [UPDATE] Updating metrics at 2025-02-11 02:57:09.985364+00:00
2025-02-11 08:27:09,993 - INFO - atmospheric_dynamics_v16 - [OK] Metrics saved for location: United States
2025-02-11 08:27:09,999 - INFO - atmospheric_dynamics_v16 - [OK] Metrics saved for location: Canada
2025-02-11 08:27:10,012 - INFO - atmospheric_dynamics_v16 - [OK] Metrics saved for location: United Kingdom
2025-02-11 08:28:10,016 - INFO - atmospheric_dynamics_v16 - [UPDATE] Updating metrics at 2025-02-11 02:58:10.015992+00:00
2025-02-11 08:28:10,041 - INFO - atmospheric_dynamics_v16 - [OK] Metrics saved for location: United States
2025-02-11 08:28:10,047 - INFO - atmospheric_dynamics_v16 - [OK] Metrics saved for location: Canada
2025-02-11 08:28:10,057 - INFO - atmospheric_dynamics_v16 - [OK] Metrics saved for location: United Kingdom
2025-02-11 08:29:10,060 - INFO - atmospheric_dynamics_v16 - [UPDATE] Updating metrics at 2025-02-11 02:59:10.060582+00:00
2025-02-11 08:29:10,101 - INFO - atmospheric_dynamics_v16 - [OK] Metrics saved for location: United States
2025-02-11 08:29:10,107 - INFO - atmospheric_dynamics_v16 - [OK] Metrics saved for location: Canada
2025-02-11 08:29:10,112 - INFO - atmospheric_dynamics_v16 - [OK] Metrics saved for location: United Kingdom
2025-02-11 08:30:10,114 - INFO - atmospheric_dynamics_v16 - [UPDATE] Updating metrics at 2025-02-11 03:00:10.114200+00:00
2025-02-11 08:30:10,147 - INFO - atmospheric_dynamics_v16 - [OK] Metrics saved for location: United States
2025-02-11 08:30:10,161 - INFO - atmospheric_dynamics_v16 - [OK] Metrics saved for location: Canada
2025-02-11 08:30:10,199 - INFO - atmospheric_dynamics_v16 - [OK] Metrics saved for location: United Kingdom
2025-02-11 08:31:10,216 - INFO - atmospheric_dynamics_v16 - [UPDATE] Updating metrics at 2025-02-11 03:01:10.216370+00:00
2025-02-11 08:31:10,234 - INFO - atmospheric_dynamics_v16 - [OK] Metrics saved for location: United States
2025-02-11 08:31:10,266 - INFO - atmospheric_dynamics_v16 - [OK] Metrics saved for location: Canada
2025-02-11 08:31:10,284 - INFO - atmospheric_dynamics_v16 - [OK] Metrics saved for location: United Kingdom
2025-02-11 08:32:10,295 - INFO - atmospheric_dynamics_v16 - [UPDATE] Updating metrics at 2025-02-11 03:02:10.295319+00:00
2025-02-11 08:32:10,302 - INFO - atmospheric_dynamics_v16 - [OK] Metrics saved for location: United States
2025-02-11 08:32:10,309 - INFO - atmospheric_dynamics_v16 - [OK] Metrics saved for location: Canada
2025-02-11 08:32:10,315 - INFO - atmospheric_dynamics_v16 - [OK] Metrics saved for location: United Kingdom
2025-02-11 08:33:10,317 - INFO - atmospheric_dynamics_v16 - [UPDATE] Updating metrics at 2025-02-11 03:03:10.317444+00:00
2025-02-11 08:33:10,323 - INFO - atmospheric_dynamics_v16 - [OK] Metrics saved for location: United States
2025-02-11 08:33:10,327 - INFO - atmospheric_dynamics_v16 - [OK] Metrics saved for location: Canada
2025-02-11 08:33:10,332 - INFO - atmospheric_dynamics_v16 - [OK] Metrics saved for location: United Kingdom
2025-02-11 08:34:10,333 - INFO - atmospheric_dynamics_v16 - [UPDATE] Updating metrics at 2025-02-11 03:04:10.333390+00:00
2025-02-11 08:34:10,345 - INFO - atmospheric_dynamics_v16 - [OK] Metrics saved for location: United States
2025-02-11 08:34:10,351 - INFO - atmospheric_dynamics_v16 - [OK] Metrics saved for location: Canada
2025-02-11 08:34:10,358 - INFO - atmospheric_dynamics_v16 - [OK] Metrics saved for location: United Kingdom
2025-02-11 08:35:10,359 - INFO - atmospheric_dynamics_v16 - [UPDATE] Updating metrics at 2025-02-11 03:05:10.359606+00:00
2025-02-11 08:35:10,394 - INFO - atmospheric_dynamics_v16 - [OK] Metrics saved for location: United States
2025-02-11 08:35:10,400 - INFO - atmospheric_dynamics_v16 - [OK] Metrics saved for location: Canada
2025-02-11 08:35:10,407 - INFO - atmospheric_dynamics_v16 - [OK] Metrics saved for location: United Kingdom
2025-02-11 08:36:10,408 - INFO - atmospheric_dynamics_v16 - [UPDATE] Updating metrics at 2025-02-11 03:06:10.408188+00:00
2025-02-11 08:36:10,419 - INFO - atmospheric_dynamics_v16 - [OK] Metrics saved for location: United States
2025-02-11 08:36:10,429 - INFO - atmospheric_dynamics_v16 - [OK] Metrics saved for location: Canada
2025-02-11 08:36:10,434 - INFO - atmospheric_dynamics_v16 - [OK] Metrics saved for location: United Kingdom
2025-02-11 08:37:10,436 - INFO - atmospheric_dynamics_v16 - [UPDATE] Updating metrics at 2025-02-11 03:07:10.436460+00:00
2025-02-11 08:37:10,445 - INFO - atmospheric_dynamics_v16 - [OK] Metrics saved for location: United States
2025-02-11 08:37:10,452 - INFO - atmospheric_dynamics_v16 - [OK] Metrics saved for location: Canada
2025-02-11 08:37:10,471 - INFO - atmospheric_dynamics_v16 - [OK] Metrics saved for location: United Kingdom
2025-02-11 08:38:10,473 - INFO - atmospheric_dynamics_v16 - [UPDATE] Updating metrics at 2025-02-11 03:08:10.473147+00:00
2025-02-11 08:38:10,499 - INFO - atmospheric_dynamics_v16 - [OK] Metrics saved for location: United States
2025-02-11 08:38:10,505 - INFO - atmospheric_dynamics_v16 - [OK] Metrics saved for location: Canada
2025-02-11 08:38:10,514 - INFO - atmospheric_dynamics_v16 - [OK] Metrics saved for location: United Kingdom
2025-02-11 08:39:10,515 - INFO - atmospheric_dynamics_v16 - [UPDATE] Updating metrics at 2025-02-11 03:09:10.515549+00:00
2025-02-11 08:39:10,523 - INFO - atmospheric_dynamics_v16 - [OK] Metrics saved for location: United States
2025-02-11 08:39:10,526 - INFO - atmospheric_dynamics_v16 - [OK] Metrics saved for location: Canada
2025-02-11 08:39:10,531 - INFO - atmospheric_dynamics_v16 - [OK] Metrics saved for location: United Kingdom
2025-02-11 08:40:10,532 - INFO - atmospheric_dynamics_v16 - [UPDATE] Updating metrics at 2025-02-11 03:10:10.532301+00:00
2025-02-11 08:40:10,541 - INFO - atmospheric_dynamics_v16 - [OK] Metrics saved for location: United States
2025-02-11 08:40:10,549 - INFO - atmospheric_dynamics_v16 - [OK] Metrics saved for location: Canada
2025-02-11 08:40:10,558 - INFO - atmospheric_dynamics_v16 - [OK] Metrics saved for location: United Kingdom
2025-02-11 08:41:10,560 - INFO - atmospheric_dynamics_v16 - [UPDATE] Updating metrics at 2025-02-11 03:11:10.560518+00:00
2025-02-11 08:41:10,564 - INFO - atmospheric_dynamics_v16 - [OK] Metrics saved for location: United States
2025-02-11 08:41:10,569 - INFO - atmospheric_dynamics_v16 - [OK] Metrics saved for location: Canada
2025-02-11 08:41:10,572 - INFO - atmospheric_dynamics_v16 - [OK] Metrics saved for location: United Kingdom
2025-02-11 08:42:10,573 - INFO - atmospheric_dynamics_v16 - [UPDATE] Updating metrics at 2025-02-11 03:12:10.573299+00:00
2025-02-11 08:42:10,577 - INFO - atmospheric_dynamics_v16 - [OK] Metrics saved for location: United States
2025-02-11 08:42:10,580 - INFO - atmospheric_dynamics_v16 - [OK] Metrics saved for location: Canada
2025-02-11 08:42:10,584 - INFO - atmospheric_dynamics_v16 - [OK] Metrics saved for location: United Kingdom
2025-02-11 08:43:10,586 - INFO - atmospheric_dynamics_v16 - [UPDATE] Updating metrics at 2025-02-11 03:13:10.585973+00:00
2025-02-11 08:43:10,610 - INFO - atmospheric_dynamics_v16 - [OK] Metrics saved for location: United States
2025-02-11 08:43:10,613 - INFO - atmospheric_dynamics_v16 - [OK] Metrics saved for location: Canada
2025-02-11 08:43:10,618 - INFO - atmospheric_dynamics_v16 - [OK] Metrics saved for location: United Kingdom
2025-02-11 08:44:10,619 - INFO - atmospheric_dynamics_v16 - [UPDATE] Updating metrics at 2025-02-11 03:14:10.619351+00:00
2025-02-11 08:44:10,623 - INFO - atmospheric_dynamics_v16 - [OK] Metrics saved for location: United States
2025-02-11 08:44:10,626 - INFO - atmospheric_dynamics_v16 - [OK] Metrics saved for location: Canada
2025-02-11 08:44:10,631 - INFO - atmospheric_dynamics_v16 - [OK] Metrics saved for location: United Kingdom
2025-02-11 08:45:10,633 - INFO - atmospheric_dynamics_v16 - [UPDATE] Updating metrics at 2025-02-11 03:15:10.633006+00:00
2025-02-11 08:45:10,637 - INFO - atmospheric_dynamics_v16 - [OK] Metrics saved for location: United States
2025-02-11 08:45:10,640 - INFO - atmospheric_dynamics_v16 - [OK] Metrics saved for location: Canada
2025-02-11 08:45:10,644 - INFO - atmospheric_dynamics_v16 - [OK] Metrics saved for location: United Kingdom
2025-02-11 08:46:10,644 - INFO - atmospheric_dynamics_v16 - [UPDATE] Updating metrics at 2025-02-11 03:16:10.644745+00:00
2025-02-11 08:46:10,649 - INFO - atmospheric_dynamics_v16 - [OK] Metrics saved for location: United States
2025-02-11 08:46:10,653 - INFO - atmospheric_dynamics_v16 - [OK] Metrics saved for location: Canada
2025-02-11 08:46:10,656 - INFO - atmospheric_dynamics_v16 - [OK] Metrics saved for location: United Kingdom
2025-02-11 08:47:10,656 - INFO - atmospheric_dynamics_v16 - [UPDATE] Updating metrics at 2025-02-11 03:17:10.656741+00:00
2025-02-11 08:47:10,660 - INFO - atmospheric_dynamics_v16 - [OK] Metrics saved for location: United States
2025-02-11 08:47:10,663 - INFO - atmospheric_dynamics_v16 - [OK] Metrics saved for location: Canada
2025-02-11 08:47:10,667 - INFO - atmospheric_dynamics_v16 - [OK] Metrics saved for location: United Kingdom
2025-02-11 08:48:10,667 - INFO - atmospheric_dynamics_v16 - [UPDATE] Updating metrics at 2025-02-11 03:18:10.667846+00:00
2025-02-11 08:48:10,671 - INFO - atmospheric_dynamics_v16 - [OK] Metrics saved for location: United States
2025-02-11 08:48:10,677 - INFO - atmospheric_dynamics_v16 - [OK] Metrics saved for location: Canada
2025-02-11 08:48:10,686 - INFO - atmospheric_dynamics_v16 - [OK] Metrics saved for location: United Kingdom
2025-02-11 08:49:10,689 - INFO - atmospheric_dynamics_v16 - [UPDATE] Updating metrics at 2025-02-11 03:19:10.689079+00:00
2025-02-11 08:49:10,714 - INFO - atmospheric_dynamics_v16 - [OK] Metrics saved for location: United States
2025-02-11 08:49:10,721 - INFO - atmospheric_dynamics_v16 - [OK] Metrics saved for location: Canada
2025-02-11 08:49:10,728 - INFO - atmospheric_dynamics_v16 - [OK] Metrics saved for location: United Kingdom
2025-02-11 08:50:10,730 - INFO - atmospheric_dynamics_v16 - [UPDATE] Updating metrics at 2025-02-11 03:20:10.729984+00:00
2025-02-11 08:50:10,734 - INFO - atmospheric_dynamics_v16 - [OK] Metrics saved for location: United States
2025-02-11 08:50:10,737 - INFO - atmospheric_dynamics_v16 - [OK] Metrics saved for location: Canada
2025-02-11 08:50:10,742 - INFO - atmospheric_dynamics_v16 - [OK] Metrics saved for location: United Kingdom
2025-02-11 08:51:10,743 - INFO - atmospheric_dynamics_v16 - [UPDATE] Updating metrics at 2025-02-11 03:21:10.743153+00:00
2025-02-11 08:51:10,747 - INFO - atmospheric_dynamics_v16 - [OK] Metrics saved for location: United States
2025-02-11 08:51:10,752 - INFO - atmospheric_dynamics_v16 - [OK] Metrics saved for location: Canada
2025-02-11 08:51:10,754 - INFO - atmospheric_dynamics_v16 - [OK] Metrics saved for location: United Kingdom
2025-02-11 08:52:10,756 - INFO - atmospheric_dynamics_v16 - [UPDATE] Updating metrics at 2025-02-11 03:22:10.756205+00:00
2025-02-11 08:52:10,760 - INFO - atmospheric_dynamics_v16 - [OK] Metrics saved for location: United States
2025-02-11 08:52:10,765 - INFO - atmospheric_dynamics_v16 - [OK] Metrics saved for location: Canada
2025-02-11 08:52:10,768 - INFO - atmospheric_dynamics_v16 - [OK] Metrics saved for location: United Kingdom
2025-02-11 08:53:10,769 - INFO - atmospheric_dynamics_v16 - [UPDATE] Updating metrics at 2025-02-11 03:23:10.768836+00:00
2025-02-11 08:53:10,776 - INFO - atmospheric_dynamics_v16 - [OK] Metrics saved for location: United States
2025-02-11 08:53:10,782 - INFO - atmospheric_dynamics_v16 - [OK] Metrics saved for location: Canada
2025-02-11 08:53:10,789 - INFO - atmospheric_dynamics_v16 - [OK] Metrics saved for location: United Kingdom
2025-02-11 08:54:10,792 - INFO - atmospheric_dynamics_v16 - [UPDATE] Updating metrics at 2025-02-11 03:24:10.792181+00:00
2025-02-11 08:54:10,807 - INFO - atmospheric_dynamics_v16 - [OK] Metrics saved for location: United States
2025-02-11 08:54:10,813 - INFO - atmospheric_dynamics_v16 - [OK] Metrics saved for location: Canada
2025-02-11 08:54:10,819 - INFO - atmospheric_dynamics_v16 - [OK] Metrics saved for location: United Kingdom
2025-02-11 08:55:10,821 - INFO - atmospheric_dynamics_v16 - [UPDATE] Updating metrics at 2025-02-11 03:25:10.821077+00:00
2025-02-11 08:55:10,827 - INFO - atmospheric_dynamics_v16 - [OK] Metrics saved for location: United States
2025-02-11 08:55:10,834 - INFO - atmospheric_dynamics_v16 - [OK] Metrics saved for location: Canada
2025-02-11 08:55:10,837 - INFO - atmospheric_dynamics_v16 - [OK] Metrics saved for location: United Kingdom
2025-02-11 08:56:10,838 - INFO - atmospheric_dynamics_v16 - [UPDATE] Updating metrics at 2025-02-11 03:26:10.838436+00:00
2025-02-11 08:56:10,842 - INFO - atmospheric_dynamics_v16 - [OK] Metrics saved for location: United States
2025-02-11 08:56:10,848 - INFO - atmospheric_dynamics_v16 - [OK] Metrics saved for location: Canada
2025-02-11 08:56:10,851 - INFO - atmospheric_dynamics_v16 - [OK] Metrics saved for location: United Kingdom
2025-02-11 08:57:10,851 - INFO - atmospheric_dynamics_v16 - [UPDATE] Updating metrics at 2025-02-11 03:27:10.851840+00:00
2025-02-11 08:57:10,856 - INFO - atmospheric_dynamics_v16 - [OK] Metrics saved for location: United States
2025-02-11 08:57:10,859 - INFO - atmospheric_dynamics_v16 - [OK] Metrics saved for location: Canada
2025-02-11 08:57:10,868 - INFO - atmospheric_dynamics_v16 - [OK] Metrics saved for location: United Kingdom
2025-02-11 08:58:10,869 - INFO - atmospheric_dynamics_v16 - [UPDATE] Updating metrics at 2025-02-11 03:28:10.868944+00:00
2025-02-11 08:58:10,873 - INFO - atmospheric_dynamics_v16 - [OK] Metrics saved for location: United States
2025-02-11 08:58:10,876 - INFO - atmospheric_dynamics_v16 - [OK] Metrics saved for location: Canada
2025-02-11 08:58:11,145 - INFO - atmospheric_dynamics_v16 - [OK] Metrics saved for location: United Kingdom
2025-02-11 08:59:11,146 - INFO - atmospheric_dynamics_v16 - [UPDATE] Updating metrics at 2025-02-11 03:29:11.146749+00:00
2025-02-11 08:59:11,150 - INFO - atmospheric_dynamics_v16 - [OK] Metrics saved for location: United States
2025-02-11 08:59:11,153 - INFO - atmospheric_dynamics_v16 - [OK] Metrics saved for location: Canada
2025-02-11 08:59:11,158 - INFO - atmospheric_dynamics_v16 - [OK] Metrics saved for location: United Kingdom
2025-02-11 09:00:11,162 - INFO - atmospheric_dynamics_v16 - [UPDATE] Updating metrics at 2025-02-11 03:30:11.161804+00:00
2025-02-11 09:00:11,248 - INFO - atmospheric_dynamics_v16 - [OK] Metrics saved for location: United States
2025-02-11 09:00:11,264 - INFO - atmospheric_dynamics_v16 - [OK] Metrics saved for location: Canada
2025-02-11 09:00:11,272 - INFO - atmospheric_dynamics_v16 - [OK] Metrics saved for location: United Kingdom
2025-02-11 09:01:11,273 - INFO - atmospheric_dynamics_v16 - [UPDATE] Updating metrics at 2025-02-11 03:31:11.272868+00:00
2025-02-11 09:01:11,281 - INFO - atmospheric_dynamics_v16 - [OK] Metrics saved for location: United States
2025-02-11 09:01:11,288 - INFO - atmospheric_dynamics_v16 - [OK] Metrics saved for location: Canada
2025-02-11 09:01:11,296 - INFO - atmospheric_dynamics_v16 - [OK] Metrics saved for location: United Kingdom
2025-02-11 09:02:11,298 - INFO - atmospheric_dynamics_v16 - [UPDATE] Updating metrics at 2025-02-11 03:32:11.298102+00:00
2025-02-11 09:02:11,301 - INFO - atmospheric_dynamics_v16 - [OK] Metrics saved for location: United States
2025-02-11 09:02:11,305 - INFO - atmospheric_dynamics_v16 - [OK] Metrics saved for location: Canada
2025-02-11 09:02:11,308 - INFO - atmospheric_dynamics_v16 - [OK] Metrics saved for location: United Kingdom
2025-02-11 09:03:11,309 - INFO - atmospheric_dynamics_v16 - [UPDATE] Updating metrics at 2025-02-11 03:33:11.309139+00:00
2025-02-11 09:03:11,318 - INFO - atmospheric_dynamics_v16 - [OK] Metrics saved for location: United States
2025-02-11 09:03:11,320 - INFO - atmospheric_dynamics_v16 - [OK] Metrics saved for location: Canada
2025-02-11 09:03:11,322 - INFO - atmospheric_dynamics_v16 - [OK] Metrics saved for location: United Kingdom
2025-02-11 09:04:11,324 - INFO - atmospheric_dynamics_v16 - [UPDATE] Updating metrics at 2025-02-11 03:34:11.324101+00:00
2025-02-11 09:04:11,328 - INFO - atmospheric_dynamics_v16 - [OK] Metrics saved for location: United States
2025-02-11 09:04:11,331 - INFO - atmospheric_dynamics_v16 - [OK] Metrics saved for location: Canada
2025-02-11 09:04:11,335 - INFO - atmospheric_dynamics_v16 - [OK] Metrics saved for location: United Kingdom
2025-02-11 09:05:11,338 - INFO - atmospheric_dynamics_v16 - [UPDATE] Updating metrics at 2025-02-11 03:35:11.338247+00:00
2025-02-11 09:05:11,368 - INFO - atmospheric_dynamics_v16 - [OK] Metrics saved for location: United States
2025-02-11 09:05:11,371 - INFO - atmospheric_dynamics_v16 - [OK] Metrics saved for location: Canada
2025-02-11 09:05:11,375 - INFO - atmospheric_dynamics_v16 - [OK] Metrics saved for location: United Kingdom
2025-02-11 09:06:11,376 - INFO - atmospheric_dynamics_v16 - [UPDATE] Updating metrics at 2025-02-11 03:36:11.376658+00:00
2025-02-11 09:06:11,611 - INFO - atmospheric_dynamics_v16 - [OK] Metrics saved for location: United States
2025-02-11 09:06:11,619 - INFO - atmospheric_dynamics_v16 - [OK] Metrics saved for location: Canada
2025-02-11 09:06:11,625 - INFO - atmospheric_dynamics_v16 - [OK] Metrics saved for location: United Kingdom
2025-02-11 09:07:11,627 - INFO - atmospheric_dynamics_v16 - [UPDATE] Updating metrics at 2025-02-11 03:37:11.627386+00:00
2025-02-11 09:07:11,644 - INFO - atmospheric_dynamics_v16 - [OK] Metrics saved for location: United States
2025-02-11 09:07:11,652 - INFO - atmospheric_dynamics_v16 - [OK] Metrics saved for location: Canada
2025-02-11 09:07:11,658 - INFO - atmospheric_dynamics_v16 - [OK] Metrics saved for location: United Kingdom
2025-02-11 09:08:11,659 - INFO - atmospheric_dynamics_v16 - [UPDATE] Updating metrics at 2025-02-11 03:38:11.659246+00:00
2025-02-11 09:08:11,682 - INFO - atmospheric_dynamics_v16 - [OK] Metrics saved for location: United States
2025-02-11 09:08:11,688 - INFO - atmospheric_dynamics_v16 - [OK] Metrics saved for location: Canada
2025-02-11 09:08:11,694 - INFO - atmospheric_dynamics_v16 - [OK] Metrics saved for location: United Kingdom
2025-02-11 09:09:11,697 - INFO - atmospheric_dynamics_v16 - [UPDATE] Updating metrics at 2025-02-11 03:39:11.696959+00:00
2025-02-11 09:09:11,723 - INFO - atmospheric_dynamics_v16 - [OK] Metrics saved for location: United States
2025-02-11 09:09:11,731 - INFO - atmospheric_dynamics_v16 - [OK] Metrics saved for location: Canada
2025-02-11 09:09:11,740 - INFO - atmospheric_dynamics_v16 - [OK] Metrics saved for location: United Kingdom
2025-02-11 09:10:11,741 - INFO - atmospheric_dynamics_v16 - [UPDATE] Updating metrics at 2025-02-11 03:40:11.741766+00:00
2025-02-11 09:10:11,751 - INFO - atmospheric_dynamics_v16 - [OK] Metrics saved for location: United States
2025-02-11 09:10:11,757 - INFO - atmospheric_dynamics_v16 - [OK] Metrics saved for location: Canada
2025-02-11 09:10:11,763 - INFO - atmospheric_dynamics_v16 - [OK] Metrics saved for location: United Kingdom
2025-02-11 09:11:11,765 - INFO - atmospheric_dynamics_v16 - [UPDATE] Updating metrics at 2025-02-11 03:41:11.765047+00:00
2025-02-11 09:11:11,771 - INFO - atmospheric_dynamics_v16 - [OK] Metrics saved for location: United States
2025-02-11 09:11:11,778 - INFO - atmospheric_dynamics_v16 - [OK] Metrics saved for location: Canada
2025-02-11 09:11:11,785 - INFO - atmospheric_dynamics_v16 - [OK] Metrics saved for location: United Kingdom
2025-02-11 09:12:11,786 - INFO - atmospheric_dynamics_v16 - [UPDATE] Updating metrics at 2025-02-11 03:42:11.786162+00:00
2025-02-11 09:12:11,794 - INFO - atmospheric_dynamics_v16 - [OK] Metrics saved for location: United States
2025-02-11 09:12:11,800 - INFO - atmospheric_dynamics_v16 - [OK] Metrics saved for location: Canada
2025-02-11 09:12:11,807 - INFO - atmospheric_dynamics_v16 - [OK] Metrics saved for location: United Kingdom
2025-02-11 09:13:11,809 - INFO - atmospheric_dynamics_v16 - [UPDATE] Updating metrics at 2025-02-11 03:43:11.808863+00:00
2025-02-11 09:13:11,816 - INFO - atmospheric_dynamics_v16 - [OK] Metrics saved for location: United States
2025-02-11 09:13:11,823 - INFO - atmospheric_dynamics_v16 - [OK] Metrics saved for location: Canada
2025-02-11 09:13:11,830 - INFO - atmospheric_dynamics_v16 - [OK] Metrics saved for location: United Kingdom
2025-02-11 09:14:11,832 - INFO - atmospheric_dynamics_v16 - [UPDATE] Updating metrics at 2025-02-11 03:44:11.831981+00:00
2025-02-11 09:14:11,844 - INFO - atmospheric_dynamics_v16 - [OK] Metrics saved for location: United States
2025-02-11 09:14:11,850 - INFO - atmospheric_dynamics_v16 - [OK] Metrics saved for location: Canada
2025-02-11 09:14:11,855 - INFO - atmospheric_dynamics_v16 - [OK] Metrics saved for location: United Kingdom
2025-02-11 09:15:11,857 - INFO - atmospheric_dynamics_v16 - [UPDATE] Updating metrics at 2025-02-11 03:45:11.857199+00:00
2025-02-11 09:15:11,864 - INFO - atmospheric_dynamics_v16 - [OK] Metrics saved for location: United States
2025-02-11 09:15:11,870 - INFO - atmospheric_dynamics_v16 - [OK] Metrics saved for location: Canada
2025-02-11 09:15:11,877 - INFO - atmospheric_dynamics_v16 - [OK] Metrics saved for location: United Kingdom
2025-02-11 09:16:11,882 - INFO - atmospheric_dynamics_v16 - [UPDATE] Updating metrics at 2025-02-11 03:46:11.882121+00:00
2025-02-11 09:16:11,889 - INFO - atmospheric_dynamics_v16 - [OK] Metrics saved for location: United States
2025-02-11 09:16:11,897 - INFO - atmospheric_dynamics_v16 - [OK] Metrics saved for location: Canada
2025-02-11 09:16:11,903 - INFO - atmospheric_dynamics_v16 - [OK] Metrics saved for location: United Kingdom
2025-02-11 09:17:11,904 - INFO - atmospheric_dynamics_v16 - [UPDATE] Updating metrics at 2025-02-11 03:47:11.904393+00:00
2025-02-11 09:17:11,911 - INFO - atmospheric_dynamics_v16 - [OK] Metrics saved for location: United States
2025-02-11 09:17:11,918 - INFO - atmospheric_dynamics_v16 - [OK] Metrics saved for location: Canada
2025-02-11 09:17:11,924 - INFO - atmospheric_dynamics_v16 - [OK] Metrics saved for location: United Kingdom
2025-02-11 09:18:11,926 - INFO - atmospheric_dynamics_v16 - [UPDATE] Updating metrics at 2025-02-11 03:48:11.925940+00:00
2025-02-11 09:18:11,939 - INFO - atmospheric_dynamics_v16 - [OK] Metrics saved for location: United States
2025-02-11 09:18:11,948 - INFO - atmospheric_dynamics_v16 - [OK] Metrics saved for location: Canada
2025-02-11 09:18:11,956 - INFO - atmospheric_dynamics_v16 - [OK] Metrics saved for location: United Kingdom
2025-02-11 09:19:11,959 - INFO - atmospheric_dynamics_v16 - [UPDATE] Updating metrics at 2025-02-11 03:49:11.959016+00:00
2025-02-11 09:19:11,965 - INFO - atmospheric_dynamics_v16 - [OK] Metrics saved for location: United States
2025-02-11 09:19:11,973 - INFO - atmospheric_dynamics_v16 - [OK] Metrics saved for location: Canada
2025-02-11 09:19:11,979 - INFO - atmospheric_dynamics_v16 - [OK] Metrics saved for location: United Kingdom
2025-02-11 09:20:11,981 - INFO - atmospheric_dynamics_v16 - [UPDATE] Updating metrics at 2025-02-11 03:50:11.980992+00:00
2025-02-11 09:20:11,987 - INFO - atmospheric_dynamics_v16 - [OK] Metrics saved for location: United States
2025-02-11 09:20:11,994 - INFO - atmospheric_dynamics_v16 - [OK] Metrics saved for location: Canada
2025-02-11 09:20:12,000 - INFO - atmospheric_dynamics_v16 - [OK] Metrics saved for location: United Kingdom
2025-02-11 09:21:12,004 - INFO - atmospheric_dynamics_v16 - [UPDATE] Updating metrics at 2025-02-11 03:51:12.003974+00:00
2025-02-11 09:21:12,010 - INFO - atmospheric_dynamics_v16 - [OK] Metrics saved for location: United States
2025-02-11 09:21:12,016 - INFO - atmospheric_dynamics_v16 - [OK] Metrics saved for location: Canada
2025-02-11 09:21:12,023 - INFO - atmospheric_dynamics_v16 - [OK] Metrics saved for location: United Kingdom
2025-02-11 09:22:12,024 - INFO - atmospheric_dynamics_v16 - [UPDATE] Updating metrics at 2025-02-11 03:52:12.024121+00:00
2025-02-11 09:22:12,032 - INFO - atmospheric_dynamics_v16 - [OK] Metrics saved for location: United States
2025-02-11 09:22:12,038 - INFO - atmospheric_dynamics_v16 - [OK] Metrics saved for location: Canada
2025-02-11 09:22:12,044 - INFO - atmospheric_dynamics_v16 - [OK] Metrics saved for location: United Kingdom
2025-02-11 09:23:12,046 - INFO - atmospheric_dynamics_v16 - [UPDATE] Updating metrics at 2025-02-11 03:53:12.045882+00:00
2025-02-11 09:23:12,052 - INFO - atmospheric_dynamics_v16 - [OK] Metrics saved for location: United States
2025-02-11 09:23:12,059 - INFO - atmospheric_dynamics_v16 - [OK] Metrics saved for location: Canada
2025-02-11 09:23:12,065 - INFO - atmospheric_dynamics_v16 - [OK] Metrics saved for location: United Kingdom
2025-02-11 09:24:12,067 - INFO - atmospheric_dynamics_v16 - [UPDATE] Updating metrics at 2025-02-11 03:54:12.067065+00:00
2025-02-11 09:24:12,073 - INFO - atmospheric_dynamics_v16 - [OK] Metrics saved for location: United States
2025-02-11 09:24:12,081 - INFO - atmospheric_dynamics_v16 - [OK] Metrics saved for location: Canada
2025-02-11 09:24:12,086 - INFO - atmospheric_dynamics_v16 - [OK] Metrics saved for location: United Kingdom
2025-02-11 09:25:12,088 - INFO - atmospheric_dynamics_v16 - [UPDATE] Updating metrics at 2025-02-11 03:55:12.088228+00:00
2025-02-11 09:25:12,093 - INFO - atmospheric_dynamics_v16 - [OK] Metrics saved for location: United States
2025-02-11 09:25:12,100 - INFO - atmospheric_dynamics_v16 - [OK] Metrics saved for location: Canada
2025-02-11 09:25:12,105 - INFO - atmospheric_dynamics_v16 - [OK] Metrics saved for location: United Kingdom
2025-02-11 09:26:12,105 - INFO - atmospheric_dynamics_v16 - [UPDATE] Updating metrics at 2025-02-11 03:56:12.105745+00:00
2025-02-11 09:26:12,112 - INFO - atmospheric_dynamics_v16 - [OK] Metrics saved for location: United States
2025-02-11 09:26:12,119 - INFO - atmospheric_dynamics_v16 - [OK] Metrics saved for location: Canada
2025-02-11 09:26:12,125 - INFO - atmospheric_dynamics_v16 - [OK] Metrics saved for location: United Kingdom
2025-02-11 09:27:12,126 - INFO - atmospheric_dynamics_v16 - [UPDATE] Updating metrics at 2025-02-11 03:57:12.126619+00:00
2025-02-11 09:27:12,155 - INFO - atmospheric_dynamics_v16 - [OK] Metrics saved for location: United States
2025-02-11 09:27:12,161 - INFO - atmospheric_dynamics_v16 - [OK] Metrics saved for location: Canada
2025-02-11 09:27:12,167 - INFO - atmospheric_dynamics_v16 - [OK] Metrics saved for location: United Kingdom
2025-02-11 09:28:12,168 - INFO - atmospheric_dynamics_v16 - [UPDATE] Updating metrics at 2025-02-11 03:58:12.168729+00:00
2025-02-11 09:28:12,176 - INFO - atmospheric_dynamics_v16 - [OK] Metrics saved for location: United States
2025-02-11 09:28:12,183 - INFO - atmospheric_dynamics_v16 - [OK] Metrics saved for location: Canada
2025-02-11 09:28:12,192 - INFO - atmospheric_dynamics_v16 - [OK] Metrics saved for location: United Kingdom
2025-02-11 09:29:12,193 - INFO - atmospheric_dynamics_v16 - [UPDATE] Updating metrics at 2025-02-11 03:59:12.193522+00:00
2025-02-11 09:29:12,200 - INFO - atmospheric_dynamics_v16 - [OK] Metrics saved for location: United States
2025-02-11 09:29:12,207 - INFO - atmospheric_dynamics_v16 - [OK] Metrics saved for location: Canada
2025-02-11 09:29:12,214 - INFO - atmospheric_dynamics_v16 - [OK] Metrics saved for location: United Kingdom
2025-02-11 09:30:12,216 - INFO - atmospheric_dynamics_v16 - [UPDATE] Updating metrics at 2025-02-11 04:00:12.216060+00:00
2025-02-11 09:30:12,222 - INFO - atmospheric_dynamics_v16 - [OK] Metrics saved for location: United States
2025-02-11 09:30:12,229 - INFO - atmospheric_dynamics_v16 - [OK] Metrics saved for location: Canada
2025-02-11 09:30:12,235 - INFO - atmospheric_dynamics_v16 - [OK] Metrics saved for location: United Kingdom
2025-02-11 09:46:18,913 - INFO - atmospheric_dynamics_v16 - [UPDATE] Updating metrics at 2025-02-11 04:16:18.913187+00:00
2025-02-11 09:46:18,919 - INFO - atmospheric_dynamics_v16 - [OK] Metrics saved for location: United States
2025-02-11 09:46:18,927 - INFO - atmospheric_dynamics_v16 - [OK] Metrics saved for location: Canada
2025-02-11 09:46:18,977 - INFO - atmospheric_dynamics_v16 - [OK] Metrics saved for location: United Kingdom
2025-02-11 09:47:18,994 - INFO - atmospheric_dynamics_v16 - [UPDATE] Updating metrics at 2025-02-11 04:17:18.993978+00:00
2025-02-11 09:47:19,026 - INFO - atmospheric_dynamics_v16 - [OK] Metrics saved for location: United States
2025-02-11 09:47:19,029 - INFO - atmospheric_dynamics_v16 - [OK] Metrics saved for location: Canada
2025-02-11 09:47:19,032 - INFO - atmospheric_dynamics_v16 - [OK] Metrics saved for location: United Kingdom
2025-02-11 09:48:19,035 - INFO - atmospheric_dynamics_v16 - [UPDATE] Updating metrics at 2025-02-11 04:18:19.034800+00:00
2025-02-11 09:48:19,047 - INFO - atmospheric_dynamics_v16 - [OK] Metrics saved for location: United States
2025-02-11 09:48:19,050 - INFO - atmospheric_dynamics_v16 - [OK] Metrics saved for location: Canada
2025-02-11 09:48:19,054 - INFO - atmospheric_dynamics_v16 - [OK] Metrics saved for location: United Kingdom
2025-02-11 09:49:19,056 - INFO - atmospheric_dynamics_v16 - [UPDATE] Updating metrics at 2025-02-11 04:19:19.055933+00:00
2025-02-11 09:49:19,072 - INFO - atmospheric_dynamics_v16 - [OK] Metrics saved for location: United States
2025-02-11 09:49:19,078 - INFO - atmospheric_dynamics_v16 - [OK] Metrics saved for location: Canada
2025-02-11 09:49:19,085 - INFO - atmospheric_dynamics_v16 - [OK] Metrics saved for location: United Kingdom
2025-02-11 09:50:19,086 - INFO - atmospheric_dynamics_v16 - [UPDATE] Updating metrics at 2025-02-11 04:20:19.086809+00:00
2025-02-11 09:50:19,090 - INFO - atmospheric_dynamics_v16 - [OK] Metrics saved for location: United States
2025-02-11 09:50:19,093 - INFO - atmospheric_dynamics_v16 - [OK] Metrics saved for location: Canada
2025-02-11 09:50:19,099 - INFO - atmospheric_dynamics_v16 - [OK] Metrics saved for location: United Kingdom
2025-02-11 09:51:19,100 - INFO - atmospheric_dynamics_v16 - [UPDATE] Updating metrics at 2025-02-11 04:21:19.100114+00:00
2025-02-11 09:51:19,106 - INFO - atmospheric_dynamics_v16 - [OK] Metrics saved for location: United States
2025-02-11 09:51:19,109 - INFO - atmospheric_dynamics_v16 - [OK] Metrics saved for location: Canada
2025-02-11 09:51:19,112 - INFO - atmospheric_dynamics_v16 - [OK] Metrics saved for location: United Kingdom
2025-02-11 09:52:19,115 - INFO - atmospheric_dynamics_v16 - [UPDATE] Updating metrics at 2025-02-11 04:22:19.115120+00:00
2025-02-11 09:52:19,133 - INFO - atmospheric_dynamics_v16 - [OK] Metrics saved for location: United States
2025-02-11 09:52:19,140 - INFO - atmospheric_dynamics_v16 - [OK] Metrics saved for location: Canada
2025-02-11 09:52:19,146 - INFO - atmospheric_dynamics_v16 - [OK] Metrics saved for location: United Kingdom
2025-02-11 09:53:19,147 - INFO - atmospheric_dynamics_v16 - [UPDATE] Updating metrics at 2025-02-11 04:23:19.146843+00:00
2025-02-11 09:53:19,186 - INFO - atmospheric_dynamics_v16 - [OK] Metrics saved for location: United States
2025-02-11 09:53:19,189 - INFO - atmospheric_dynamics_v16 - [OK] Metrics saved for location: Canada
2025-02-11 09:53:19,198 - INFO - atmospheric_dynamics_v16 - [OK] Metrics saved for location: United Kingdom
